<?xml version="1.0" encoding="utf-8"?>
<CoverageSession xmlns:xsd="http://www.w3.org/2001/XMLSchema" xmlns:xsi="http://www.w3.org/2001/XMLSchema-instance" Version="4.7.1221.0">
  <Summary numSequencePoints="108" visitedSequencePoints="96" numBranchPoints="52" visitedBranchPoints="38" sequenceCoverage="88.89" branchCoverage="73.08" maxCyclomaticComplexity="3" minCyclomaticComplexity="0" maxCrapScore="6" minCrapScore="0" visitedClasses="7" numClasses="7" visitedMethods="32" numMethods="40" />
  <Modules>
    <Module skippedDueTo="Filter" hash="8E-45-4A-D4-11-AF-18-AF-95-08-36-EC-2E-AD-3C-BB-A0-26-6B-3C">
      <ModulePath>C:\Windows\Microsoft.Net\assembly\GAC_64\mscorlib\v4.0_4.0.0.0__b77a5c561934e089\mscorlib.dll</ModulePath>
      <ModuleTime>2024-06-01T03:51:32.6181613Z</ModuleTime>
      <ModuleName>mscorlib</ModuleName>
      <Classes />
    </Module>
    <Module hash="6D-D8-E6-95-D6-E6-28-0F-F3-95-25-25-FC-AE-66-88-63-23-23-CF">
      <Summary numSequencePoints="0" visitedSequencePoints="0" numBranchPoints="0" visitedBranchPoints="0" sequenceCoverage="0" branchCoverage="0" maxCyclomaticComplexity="0" minCyclomaticComplexity="0" maxCrapScore="0" minCrapScore="0" visitedClasses="0" numClasses="0" visitedMethods="0" numMethods="0" />
      <ModulePath>C:\Program Files\Microsoft Visual Studio\2022\Community\Common7\IDE\Extensions\TestPlatform\vstest.console.exe</ModulePath>
      <ModuleTime>2024-07-03T14:36:09.6503582Z</ModuleTime>
      <ModuleName>vstest.console</ModuleName>
      <Files />
      <Classes>
        <Class skippedDueTo="Filter">
          <FullName>&lt;Module&gt;</FullName>
          <Methods />
        </Class>
        <Class skippedDueTo="Filter">
          <FullName>Microsoft.CodeAnalysis.EmbeddedAttribute</FullName>
          <Methods />
        </Class>
        <Class skippedDueTo="Filter">
          <FullName>System.Runtime.CompilerServices.NullableAttribute</FullName>
          <Methods />
        </Class>
        <Class skippedDueTo="Filter">
          <FullName>System.Runtime.CompilerServices.NullableContextAttribute</FullName>
          <Methods />
        </Class>
        <Class skippedDueTo="Filter">
          <FullName>System.Runtime.CompilerServices.RefSafetyRulesAttribute</FullName>
          <Methods />
        </Class>
        <Class skippedDueTo="Filter">
          <FullName>vstest.console.Internal.FilePatternParser</FullName>
          <Methods />
        </Class>
        <Class skippedDueTo="Filter">
          <FullName>Microsoft.VisualStudio.TestPlatform.Execution.DebuggerBreakpoint</FullName>
          <Methods />
        </Class>
        <Class skippedDueTo="Filter">
          <FullName>Microsoft.VisualStudio.TestPlatform.Execution.ProcDumpExecutableHelper</FullName>
          <Methods />
        </Class>
        <Class skippedDueTo="Filter">
          <FullName>Microsoft.VisualStudio.TestPlatform.Execution.UiLanguageOverride</FullName>
          <Methods />
        </Class>
        <Class skippedDueTo="Filter">
          <FullName>Microsoft.VisualStudio.TestPlatform.Execution.UiLanguageOverride/&lt;&gt;c</FullName>
          <Methods />
        </Class>
        <Class skippedDueTo="Filter">
          <FullName>Microsoft.VisualStudio.TestPlatform.Execution.WellKnownDebugEnvironmentVariables</FullName>
          <Methods />
        </Class>
        <Class skippedDueTo="Filter">
          <FullName>Microsoft.VisualStudio.TestPlatform.CommandLineUtilities.GenerateFakesUtilities</FullName>
          <Methods />
        </Class>
        <Class skippedDueTo="Filter">
          <FullName>Microsoft.VisualStudio.TestPlatform.CommandLineUtilities.InferHelper</FullName>
          <Methods />
        </Class>
        <Class skippedDueTo="Filter">
          <FullName>Microsoft.VisualStudio.TestPlatform.CommandLine.CommandArgumentPair</FullName>
          <Methods />
        </Class>
        <Class skippedDueTo="Filter">
          <FullName>Microsoft.VisualStudio.TestPlatform.CommandLine.CommandLineException</FullName>
          <Methods />
        </Class>
        <Class skippedDueTo="Filter">
          <FullName>Microsoft.VisualStudio.TestPlatform.CommandLine.CommandLineOptions</FullName>
          <Methods />
        </Class>
        <Class skippedDueTo="Filter">
          <FullName>Microsoft.VisualStudio.TestPlatform.CommandLine.Executor</FullName>
          <Methods />
        </Class>
        <Class skippedDueTo="Filter">
          <FullName>Microsoft.VisualStudio.TestPlatform.CommandLine.Executor/&lt;&gt;O</FullName>
          <Methods />
        </Class>
        <Class skippedDueTo="Filter">
          <FullName>Microsoft.VisualStudio.TestPlatform.CommandLine.Executor/&lt;&gt;c</FullName>
          <Methods />
        </Class>
        <Class skippedDueTo="Filter">
          <FullName>Microsoft.VisualStudio.TestPlatform.CommandLine.Executor/&lt;&gt;c__DisplayClass12_0</FullName>
          <Methods />
        </Class>
        <Class skippedDueTo="Filter">
          <FullName>Microsoft.VisualStudio.TestPlatform.CommandLine.TestRunResultAggregator</FullName>
          <Methods />
        </Class>
        <Class skippedDueTo="Filter">
          <FullName>Microsoft.VisualStudio.TestPlatform.CommandLine.TestSourceException</FullName>
          <Methods />
        </Class>
        <Class skippedDueTo="Filter">
          <FullName>Microsoft.VisualStudio.TestPlatform.CommandLine.DiscoveryHandlerToEventsRegistrarAdapter</FullName>
          <Methods />
        </Class>
        <Class skippedDueTo="Filter">
          <FullName>Microsoft.VisualStudio.TestPlatform.CommandLine.DiscoveryHandlerToEventsRegistrarAdapter/&lt;&gt;c</FullName>
          <Methods />
        </Class>
        <Class skippedDueTo="Filter">
          <FullName>Microsoft.VisualStudio.TestPlatform.CommandLine.RunHandlerToEventsRegistrarAdapter</FullName>
          <Methods />
        </Class>
        <Class skippedDueTo="Filter">
          <FullName>Microsoft.VisualStudio.TestPlatform.CommandLine.RunHandlerToEventsRegistrarAdapter/&lt;&gt;c</FullName>
          <Methods />
        </Class>
        <Class skippedDueTo="Filter">
          <FullName>Microsoft.VisualStudio.TestPlatform.CommandLine.InProcessVsTestConsoleWrapper</FullName>
          <Methods />
        </Class>
        <Class skippedDueTo="Filter">
          <FullName>Microsoft.VisualStudio.TestPlatform.CommandLine.InProcessVsTestConsoleWrapper/&lt;&gt;c__DisplayClass17_0</FullName>
          <Methods />
        </Class>
        <Class skippedDueTo="Filter">
          <FullName>Microsoft.VisualStudio.TestPlatform.CommandLine.InProcessVsTestConsoleWrapper/&lt;&gt;c__DisplayClass19_0</FullName>
          <Methods />
        </Class>
        <Class skippedDueTo="Filter">
          <FullName>Microsoft.VisualStudio.TestPlatform.CommandLine.InProcessVsTestConsoleWrapper/&lt;&gt;c__DisplayClass45_0</FullName>
          <Methods />
        </Class>
        <Class skippedDueTo="Filter">
          <FullName>Microsoft.VisualStudio.TestPlatform.CommandLine.InProcessVsTestConsoleWrapper/&lt;&gt;c__DisplayClass45_1</FullName>
          <Methods />
        </Class>
        <Class skippedDueTo="Filter">
          <FullName>Microsoft.VisualStudio.TestPlatform.CommandLine.InProcessVsTestConsoleWrapper/&lt;&gt;c__DisplayClass5_0</FullName>
          <Methods />
        </Class>
        <Class skippedDueTo="Filter">
          <FullName>Microsoft.VisualStudio.TestPlatform.CommandLine.StringUtils</FullName>
          <Methods />
        </Class>
        <Class skippedDueTo="Filter">
          <FullName>Microsoft.VisualStudio.TestPlatform.CommandLine.TPDebug</FullName>
          <Methods />
        </Class>
        <Class skippedDueTo="Filter">
          <FullName>Microsoft.VisualStudio.TestPlatform.CommandLine.Program</FullName>
          <Methods />
        </Class>
        <Class skippedDueTo="Filter">
          <FullName>Microsoft.VisualStudio.TestPlatform.CommandLine.TestPlatformHelpers.TestRequestManager</FullName>
          <Methods />
        </Class>
        <Class skippedDueTo="Filter">
          <FullName>Microsoft.VisualStudio.TestPlatform.CommandLine.TestPlatformHelpers.TestRequestManager/&lt;&gt;c</FullName>
          <Methods />
        </Class>
        <Class skippedDueTo="Filter">
          <FullName>Microsoft.VisualStudio.TestPlatform.CommandLine.TestPlatformHelpers.TestRequestManager/&lt;&gt;c__DisplayClass23_0</FullName>
          <Methods />
        </Class>
        <Class skippedDueTo="Filter">
          <FullName>Microsoft.VisualStudio.TestPlatform.CommandLine.TestPlatformHelpers.TestRequestManager/&lt;&gt;c__DisplayClass24_0</FullName>
          <Methods />
        </Class>
        <Class skippedDueTo="Filter">
          <FullName>Microsoft.VisualStudio.TestPlatform.CommandLine.TestPlatformHelpers.TestRequestManager/&lt;&gt;c__DisplayClass26_0</FullName>
          <Methods />
        </Class>
        <Class skippedDueTo="Filter">
          <FullName>Microsoft.VisualStudio.TestPlatform.CommandLine.TestPlatformHelpers.KnownPlatformSourceFilter</FullName>
          <Methods />
        </Class>
        <Class skippedDueTo="Filter">
          <FullName>Microsoft.VisualStudio.TestPlatform.CommandLine.Resources.Resources</FullName>
          <Methods />
        </Class>
        <Class skippedDueTo="Filter">
          <FullName>Microsoft.VisualStudio.TestPlatform.CommandLine.Publisher.MetricsPublisherFactory</FullName>
          <Methods />
        </Class>
        <Class skippedDueTo="Filter">
          <FullName>Microsoft.VisualStudio.TestPlatform.CommandLine.Publisher.NoOpMetricsPublisher</FullName>
          <Methods />
        </Class>
        <Class skippedDueTo="Filter">
          <FullName>Microsoft.VisualStudio.TestPlatform.CommandLine.Publisher.TextFileTelemetryPublisher</FullName>
          <Methods />
        </Class>
        <Class skippedDueTo="Filter">
          <FullName>Microsoft.VisualStudio.TestPlatform.CommandLine.Publisher.TextFileTelemetryPublisher/&lt;&gt;c</FullName>
          <Methods />
        </Class>
        <Class skippedDueTo="Filter">
          <FullName>Microsoft.VisualStudio.TestPlatform.CommandLine.Internal.ConsoleHelper</FullName>
          <Methods />
        </Class>
        <Class skippedDueTo="Filter">
          <FullName>Microsoft.VisualStudio.TestPlatform.CommandLine.Internal.ConsoleLogger</FullName>
          <Methods />
        </Class>
        <Class skippedDueTo="Filter">
          <FullName>Microsoft.VisualStudio.TestPlatform.CommandLine.Internal.ConsoleLogger/MinimalTestResult</FullName>
          <Methods />
        </Class>
        <Class skippedDueTo="Filter">
          <FullName>Microsoft.VisualStudio.TestPlatform.CommandLine.Internal.ConsoleLogger/&lt;&gt;c</FullName>
          <Methods />
        </Class>
        <Class skippedDueTo="Filter">
          <FullName>Microsoft.VisualStudio.TestPlatform.CommandLine.Internal.ConsoleLogger/&lt;&gt;c__DisplayClass36_0</FullName>
          <Methods />
        </Class>
        <Class skippedDueTo="Filter">
          <FullName>Microsoft.VisualStudio.TestPlatform.CommandLine.Internal.EventRegistrarToWarningLoggerAdapter</FullName>
          <Methods />
        </Class>
        <Class skippedDueTo="Filter">
          <FullName>Microsoft.VisualStudio.TestPlatform.CommandLine.Internal.MSBuildLogger</FullName>
          <Methods />
        </Class>
        <Class skippedDueTo="Filter">
          <FullName>Microsoft.VisualStudio.TestPlatform.CommandLine.Internal.MSBuildLogger/&lt;&gt;O</FullName>
          <Methods />
        </Class>
        <Class skippedDueTo="Filter">
          <FullName>Microsoft.VisualStudio.TestPlatform.CommandLine.Internal.MSBuildLogger/&lt;&gt;c__DisplayClass17_0</FullName>
          <Methods />
        </Class>
        <Class skippedDueTo="Filter">
          <FullName>Microsoft.VisualStudio.TestPlatform.CommandLine.Internal.NullWarningLogger</FullName>
          <Methods />
        </Class>
        <Class skippedDueTo="Filter">
          <FullName>Microsoft.VisualStudio.TestPlatform.CommandLine.Internal.Product</FullName>
          <Methods />
        </Class>
        <Class skippedDueTo="Filter">
          <FullName>Microsoft.VisualStudio.TestPlatform.CommandLine.Internal.ProgressIndicator</FullName>
          <Methods />
        </Class>
        <Class skippedDueTo="Filter">
          <FullName>Microsoft.VisualStudio.TestPlatform.CommandLine.Internal.SourceSummary</FullName>
          <Methods />
        </Class>
        <Class skippedDueTo="Filter">
          <FullName>Microsoft.VisualStudio.TestPlatform.CommandLine.Processors.AeDebuggerArgumentProcessor</FullName>
          <Methods />
        </Class>
        <Class skippedDueTo="Filter">
          <FullName>Microsoft.VisualStudio.TestPlatform.CommandLine.Processors.AeDebuggerArgumentProcessor/&lt;&gt;c</FullName>
          <Methods />
        </Class>
        <Class skippedDueTo="Filter">
          <FullName>Microsoft.VisualStudio.TestPlatform.CommandLine.Processors.AeDebuggerArgumentProcessorCapabilities</FullName>
          <Methods />
        </Class>
        <Class skippedDueTo="Filter">
          <FullName>Microsoft.VisualStudio.TestPlatform.CommandLine.Processors.AeDebuggerArgumentExecutor</FullName>
          <Methods />
        </Class>
        <Class skippedDueTo="Filter">
          <FullName>Microsoft.VisualStudio.TestPlatform.CommandLine.Processors.AeDebuggerArgumentExecutor/&lt;&gt;c</FullName>
          <Methods />
        </Class>
        <Class skippedDueTo="Filter">
          <FullName>Microsoft.VisualStudio.TestPlatform.CommandLine.Processors.ArtifactProcessingCollectModeProcessor</FullName>
          <Methods />
        </Class>
        <Class skippedDueTo="Filter">
          <FullName>Microsoft.VisualStudio.TestPlatform.CommandLine.Processors.ArtifactProcessingCollectModeProcessor/&lt;&gt;c</FullName>
          <Methods />
        </Class>
        <Class skippedDueTo="Filter">
          <FullName>Microsoft.VisualStudio.TestPlatform.CommandLine.Processors.ArtifactProcessingCollectModeProcessorCapabilities</FullName>
          <Methods />
        </Class>
        <Class skippedDueTo="Filter">
          <FullName>Microsoft.VisualStudio.TestPlatform.CommandLine.Processors.ArtifactProcessingCollectModeProcessorExecutor</FullName>
          <Methods />
        </Class>
        <Class skippedDueTo="Filter">
          <FullName>Microsoft.VisualStudio.TestPlatform.CommandLine.Processors.ArtifactProcessingPostProcessModeProcessor</FullName>
          <Methods />
        </Class>
        <Class skippedDueTo="Filter">
          <FullName>Microsoft.VisualStudio.TestPlatform.CommandLine.Processors.ArtifactProcessingPostProcessModeProcessor/&lt;&gt;c</FullName>
          <Methods />
        </Class>
        <Class skippedDueTo="Filter">
          <FullName>Microsoft.VisualStudio.TestPlatform.CommandLine.Processors.ArtifactProcessingPostProcessModeProcessorCapabilities</FullName>
          <Methods />
        </Class>
        <Class skippedDueTo="Filter">
          <FullName>Microsoft.VisualStudio.TestPlatform.CommandLine.Processors.ArtifactProcessingPostProcessModeProcessorExecutor</FullName>
          <Methods />
        </Class>
        <Class skippedDueTo="Filter">
          <FullName>Microsoft.VisualStudio.TestPlatform.CommandLine.Processors.CliRunSettingsArgumentProcessor</FullName>
          <Methods />
        </Class>
        <Class skippedDueTo="Filter">
          <FullName>Microsoft.VisualStudio.TestPlatform.CommandLine.Processors.CliRunSettingsArgumentProcessor/&lt;&gt;c</FullName>
          <Methods />
        </Class>
        <Class skippedDueTo="Filter">
          <FullName>Microsoft.VisualStudio.TestPlatform.CommandLine.Processors.CliRunSettingsArgumentProcessorCapabilities</FullName>
          <Methods />
        </Class>
        <Class skippedDueTo="Filter">
          <FullName>Microsoft.VisualStudio.TestPlatform.CommandLine.Processors.CliRunSettingsArgumentExecutor</FullName>
          <Methods />
        </Class>
        <Class skippedDueTo="Filter">
          <FullName>Microsoft.VisualStudio.TestPlatform.CommandLine.Processors.CollectArgumentProcessor</FullName>
          <Methods />
        </Class>
        <Class skippedDueTo="Filter">
          <FullName>Microsoft.VisualStudio.TestPlatform.CommandLine.Processors.CollectArgumentProcessor/&lt;&gt;c</FullName>
          <Methods />
        </Class>
        <Class skippedDueTo="Filter">
          <FullName>Microsoft.VisualStudio.TestPlatform.CommandLine.Processors.CollectArgumentProcessorCapabilities</FullName>
          <Methods />
        </Class>
        <Class skippedDueTo="Filter">
          <FullName>Microsoft.VisualStudio.TestPlatform.CommandLine.Processors.CollectArgumentExecutor</FullName>
          <Methods />
        </Class>
        <Class skippedDueTo="Filter">
          <FullName>Microsoft.VisualStudio.TestPlatform.CommandLine.Processors.CollectArgumentExecutor/CoverletConstants</FullName>
          <Methods />
        </Class>
        <Class skippedDueTo="Filter">
          <FullName>Microsoft.VisualStudio.TestPlatform.CommandLine.Processors.DisableAutoFakesArgumentProcessor</FullName>
          <Methods />
        </Class>
        <Class skippedDueTo="Filter">
          <FullName>Microsoft.VisualStudio.TestPlatform.CommandLine.Processors.DisableAutoFakesArgumentProcessor/&lt;&gt;c</FullName>
          <Methods />
        </Class>
        <Class skippedDueTo="Filter">
          <FullName>Microsoft.VisualStudio.TestPlatform.CommandLine.Processors.DisableAutoFakesArgumentProcessorCapabilities</FullName>
          <Methods />
        </Class>
        <Class skippedDueTo="Filter">
          <FullName>Microsoft.VisualStudio.TestPlatform.CommandLine.Processors.DisableAutoFakesArgumentExecutor</FullName>
          <Methods />
        </Class>
        <Class skippedDueTo="Filter">
          <FullName>Microsoft.VisualStudio.TestPlatform.CommandLine.Processors.EnableBlameArgumentProcessor</FullName>
          <Methods />
        </Class>
        <Class skippedDueTo="Filter">
          <FullName>Microsoft.VisualStudio.TestPlatform.CommandLine.Processors.EnableBlameArgumentProcessor/&lt;&gt;c</FullName>
          <Methods />
        </Class>
        <Class skippedDueTo="Filter">
          <FullName>Microsoft.VisualStudio.TestPlatform.CommandLine.Processors.EnableBlameArgumentProcessorCapabilities</FullName>
          <Methods />
        </Class>
        <Class skippedDueTo="Filter">
          <FullName>Microsoft.VisualStudio.TestPlatform.CommandLine.Processors.EnableBlameArgumentExecutor</FullName>
          <Methods />
        </Class>
        <Class skippedDueTo="Filter">
          <FullName>Microsoft.VisualStudio.TestPlatform.CommandLine.Processors.EnableBlameArgumentExecutor/&lt;&gt;c</FullName>
          <Methods />
        </Class>
        <Class skippedDueTo="Filter">
          <FullName>Microsoft.VisualStudio.TestPlatform.CommandLine.Processors.EnableBlameArgumentExecutor/&lt;&gt;c__DisplayClass9_0</FullName>
          <Methods />
        </Class>
        <Class skippedDueTo="Filter">
          <FullName>Microsoft.VisualStudio.TestPlatform.CommandLine.Processors.EnableCodeCoverageArgumentProcessor</FullName>
          <Methods />
        </Class>
        <Class skippedDueTo="Filter">
          <FullName>Microsoft.VisualStudio.TestPlatform.CommandLine.Processors.EnableCodeCoverageArgumentProcessor/&lt;&gt;c</FullName>
          <Methods />
        </Class>
        <Class skippedDueTo="Filter">
          <FullName>Microsoft.VisualStudio.TestPlatform.CommandLine.Processors.EnableCodeCoverageArgumentProcessorCapabilities</FullName>
          <Methods />
        </Class>
        <Class skippedDueTo="Filter">
          <FullName>Microsoft.VisualStudio.TestPlatform.CommandLine.Processors.EnableCodeCoverageArgumentExecutor</FullName>
          <Methods />
        </Class>
        <Class skippedDueTo="Filter">
          <FullName>Microsoft.VisualStudio.TestPlatform.CommandLine.Processors.EnableDiagArgumentProcessor</FullName>
          <Methods />
        </Class>
        <Class skippedDueTo="Filter">
          <FullName>Microsoft.VisualStudio.TestPlatform.CommandLine.Processors.EnableDiagArgumentProcessor/&lt;&gt;c</FullName>
          <Methods />
        </Class>
        <Class skippedDueTo="Filter">
          <FullName>Microsoft.VisualStudio.TestPlatform.CommandLine.Processors.EnableDiagArgumentProcessorCapabilities</FullName>
          <Methods />
        </Class>
        <Class skippedDueTo="Filter">
          <FullName>Microsoft.VisualStudio.TestPlatform.CommandLine.Processors.EnableDiagArgumentExecutor</FullName>
          <Methods />
        </Class>
        <Class skippedDueTo="Filter">
          <FullName>Microsoft.VisualStudio.TestPlatform.CommandLine.Processors.EnableLoggerArgumentProcessor</FullName>
          <Methods />
        </Class>
        <Class skippedDueTo="Filter">
          <FullName>Microsoft.VisualStudio.TestPlatform.CommandLine.Processors.EnableLoggerArgumentProcessor/&lt;&gt;c</FullName>
          <Methods />
        </Class>
        <Class skippedDueTo="Filter">
          <FullName>Microsoft.VisualStudio.TestPlatform.CommandLine.Processors.EnableLoggerArgumentProcessorCapabilities</FullName>
          <Methods />
        </Class>
        <Class skippedDueTo="Filter">
          <FullName>Microsoft.VisualStudio.TestPlatform.CommandLine.Processors.EnableLoggerArgumentExecutor</FullName>
          <Methods />
        </Class>
        <Class skippedDueTo="Filter">
          <FullName>Microsoft.VisualStudio.TestPlatform.CommandLine.Processors.EnvironmentArgumentProcessor</FullName>
          <Methods />
        </Class>
        <Class skippedDueTo="Filter">
          <FullName>Microsoft.VisualStudio.TestPlatform.CommandLine.Processors.EnvironmentArgumentProcessor/ArgumentProcessorCapabilities</FullName>
          <Methods />
        </Class>
        <Class skippedDueTo="Filter">
          <FullName>Microsoft.VisualStudio.TestPlatform.CommandLine.Processors.EnvironmentArgumentProcessor/ArgumentExecutor</FullName>
          <Methods />
        </Class>
        <Class skippedDueTo="Filter">
          <FullName>Microsoft.VisualStudio.TestPlatform.CommandLine.Processors.EnvironmentArgumentProcessor/&lt;&gt;c</FullName>
          <Methods />
        </Class>
        <Class skippedDueTo="Filter">
          <FullName>Microsoft.VisualStudio.TestPlatform.CommandLine.Processors.FrameworkArgumentProcessor</FullName>
          <Methods />
        </Class>
        <Class skippedDueTo="Filter">
          <FullName>Microsoft.VisualStudio.TestPlatform.CommandLine.Processors.FrameworkArgumentProcessor/&lt;&gt;c</FullName>
          <Methods />
        </Class>
        <Class skippedDueTo="Filter">
          <FullName>Microsoft.VisualStudio.TestPlatform.CommandLine.Processors.FrameworkArgumentProcessorCapabilities</FullName>
          <Methods />
        </Class>
        <Class skippedDueTo="Filter">
          <FullName>Microsoft.VisualStudio.TestPlatform.CommandLine.Processors.FrameworkArgumentExecutor</FullName>
          <Methods />
        </Class>
        <Class skippedDueTo="Filter">
          <FullName>Microsoft.VisualStudio.TestPlatform.CommandLine.Processors.HelpArgumentProcessor</FullName>
          <Methods />
        </Class>
        <Class skippedDueTo="Filter">
          <FullName>Microsoft.VisualStudio.TestPlatform.CommandLine.Processors.HelpArgumentProcessor/&lt;&gt;c</FullName>
          <Methods />
        </Class>
        <Class skippedDueTo="Filter">
          <FullName>Microsoft.VisualStudio.TestPlatform.CommandLine.Processors.HelpArgumentProcessorCapabilities</FullName>
          <Methods />
        </Class>
        <Class skippedDueTo="Filter">
          <FullName>Microsoft.VisualStudio.TestPlatform.CommandLine.Processors.HelpArgumentExecutor</FullName>
          <Methods />
        </Class>
        <Class skippedDueTo="Filter">
          <FullName>Microsoft.VisualStudio.TestPlatform.CommandLine.Processors.HelpArgumentExecutor/&lt;&gt;c</FullName>
          <Methods />
        </Class>
        <Class skippedDueTo="Filter">
          <FullName>Microsoft.VisualStudio.TestPlatform.CommandLine.Processors.InIsolationArgumentProcessor</FullName>
          <Methods />
        </Class>
        <Class skippedDueTo="Filter">
          <FullName>Microsoft.VisualStudio.TestPlatform.CommandLine.Processors.InIsolationArgumentProcessor/&lt;&gt;c</FullName>
          <Methods />
        </Class>
        <Class skippedDueTo="Filter">
          <FullName>Microsoft.VisualStudio.TestPlatform.CommandLine.Processors.InIsolationArgumentProcessorCapabilities</FullName>
          <Methods />
        </Class>
        <Class skippedDueTo="Filter">
          <FullName>Microsoft.VisualStudio.TestPlatform.CommandLine.Processors.InIsolationArgumentExecutor</FullName>
          <Methods />
        </Class>
        <Class skippedDueTo="Filter">
          <FullName>Microsoft.VisualStudio.TestPlatform.CommandLine.Processors.ListExtensionsArgumentProcessorCapabilities</FullName>
          <Methods />
        </Class>
        <Class skippedDueTo="Filter">
          <FullName>Microsoft.VisualStudio.TestPlatform.CommandLine.Processors.ListExtensionsArgumentProcessor</FullName>
          <Methods />
        </Class>
        <Class skippedDueTo="Filter">
          <FullName>Microsoft.VisualStudio.TestPlatform.CommandLine.Processors.ListDiscoverersArgumentProcessor</FullName>
          <Methods />
        </Class>
        <Class skippedDueTo="Filter">
          <FullName>Microsoft.VisualStudio.TestPlatform.CommandLine.Processors.ListDiscoverersArgumentProcessor/&lt;&gt;c</FullName>
          <Methods />
        </Class>
        <Class skippedDueTo="Filter">
          <FullName>Microsoft.VisualStudio.TestPlatform.CommandLine.Processors.ListDiscoverersArgumentExecutor</FullName>
          <Methods />
        </Class>
        <Class skippedDueTo="Filter">
          <FullName>Microsoft.VisualStudio.TestPlatform.CommandLine.Processors.ListExecutorsArgumentProcessor</FullName>
          <Methods />
        </Class>
        <Class skippedDueTo="Filter">
          <FullName>Microsoft.VisualStudio.TestPlatform.CommandLine.Processors.ListExecutorsArgumentProcessor/&lt;&gt;c</FullName>
          <Methods />
        </Class>
        <Class skippedDueTo="Filter">
          <FullName>Microsoft.VisualStudio.TestPlatform.CommandLine.Processors.ListExecutorsArgumentExecutor</FullName>
          <Methods />
        </Class>
        <Class skippedDueTo="Filter">
          <FullName>Microsoft.VisualStudio.TestPlatform.CommandLine.Processors.ListLoggersArgumentProcessor</FullName>
          <Methods />
        </Class>
        <Class skippedDueTo="Filter">
          <FullName>Microsoft.VisualStudio.TestPlatform.CommandLine.Processors.ListLoggersArgumentProcessor/&lt;&gt;c</FullName>
          <Methods />
        </Class>
        <Class skippedDueTo="Filter">
          <FullName>Microsoft.VisualStudio.TestPlatform.CommandLine.Processors.ListLoggersArgumentExecutor</FullName>
          <Methods />
        </Class>
        <Class skippedDueTo="Filter">
          <FullName>Microsoft.VisualStudio.TestPlatform.CommandLine.Processors.ListLoggersArgumentExecutor/NullMessageLogger</FullName>
          <Methods />
        </Class>
        <Class skippedDueTo="Filter">
          <FullName>Microsoft.VisualStudio.TestPlatform.CommandLine.Processors.ListSettingsProvidersArgumentProcessor</FullName>
          <Methods />
        </Class>
        <Class skippedDueTo="Filter">
          <FullName>Microsoft.VisualStudio.TestPlatform.CommandLine.Processors.ListSettingsProvidersArgumentProcessor/&lt;&gt;c</FullName>
          <Methods />
        </Class>
        <Class skippedDueTo="Filter">
          <FullName>Microsoft.VisualStudio.TestPlatform.CommandLine.Processors.ListSettingsProvidersArgumentExecutor</FullName>
          <Methods />
        </Class>
        <Class skippedDueTo="Filter">
          <FullName>Microsoft.VisualStudio.TestPlatform.CommandLine.Processors.ListFullyQualifiedTestsArgumentProcessor</FullName>
          <Methods />
        </Class>
        <Class skippedDueTo="Filter">
          <FullName>Microsoft.VisualStudio.TestPlatform.CommandLine.Processors.ListFullyQualifiedTestsArgumentProcessor/&lt;&gt;c</FullName>
          <Methods />
        </Class>
        <Class skippedDueTo="Filter">
          <FullName>Microsoft.VisualStudio.TestPlatform.CommandLine.Processors.ListFullyQualifiedTestsArgumentProcessorCapabilities</FullName>
          <Methods />
        </Class>
        <Class skippedDueTo="Filter">
          <FullName>Microsoft.VisualStudio.TestPlatform.CommandLine.Processors.ListFullyQualifiedTestsArgumentExecutor</FullName>
          <Methods />
        </Class>
        <Class skippedDueTo="Filter">
          <FullName>Microsoft.VisualStudio.TestPlatform.CommandLine.Processors.ListFullyQualifiedTestsArgumentExecutor/DiscoveryEventsRegistrar</FullName>
          <Methods />
        </Class>
        <Class skippedDueTo="Filter">
          <FullName>Microsoft.VisualStudio.TestPlatform.CommandLine.Processors.ListFullyQualifiedTestsArgumentExecutor/DiscoveryEventsRegistrar/&lt;&gt;c</FullName>
          <Methods />
        </Class>
        <Class skippedDueTo="Filter">
          <FullName>Microsoft.VisualStudio.TestPlatform.CommandLine.Processors.ListFullyQualifiedTestsArgumentExecutor/DiscoveryEventsRegistrar/&lt;&gt;c__DisplayClass6_0</FullName>
          <Methods />
        </Class>
        <Class skippedDueTo="Filter">
          <FullName>Microsoft.VisualStudio.TestPlatform.CommandLine.Processors.ListFullyQualifiedTestsArgumentExecutor/DiscoveryEventsRegistrar/&lt;&gt;c__DisplayClass6_1</FullName>
          <Methods />
        </Class>
        <Class skippedDueTo="Filter">
          <FullName>Microsoft.VisualStudio.TestPlatform.CommandLine.Processors.ListFullyQualifiedTestsArgumentExecutor/TestCaseFilter</FullName>
          <Methods />
        </Class>
        <Class skippedDueTo="Filter">
          <FullName>Microsoft.VisualStudio.TestPlatform.CommandLine.Processors.ListFullyQualifiedTestsArgumentExecutor/TestCaseFilter/&lt;&gt;c__DisplayClass7_0</FullName>
          <Methods />
        </Class>
        <Class skippedDueTo="Filter">
          <FullName>Microsoft.VisualStudio.TestPlatform.CommandLine.Processors.ListTestsArgumentProcessor</FullName>
          <Methods />
        </Class>
        <Class skippedDueTo="Filter">
          <FullName>Microsoft.VisualStudio.TestPlatform.CommandLine.Processors.ListTestsArgumentProcessor/&lt;&gt;c</FullName>
          <Methods />
        </Class>
        <Class skippedDueTo="Filter">
          <FullName>Microsoft.VisualStudio.TestPlatform.CommandLine.Processors.ListTestsArgumentProcessorCapabilities</FullName>
          <Methods />
        </Class>
        <Class skippedDueTo="Filter">
          <FullName>Microsoft.VisualStudio.TestPlatform.CommandLine.Processors.ListTestsArgumentExecutor</FullName>
          <Methods />
        </Class>
        <Class skippedDueTo="Filter">
          <FullName>Microsoft.VisualStudio.TestPlatform.CommandLine.Processors.ListTestsArgumentExecutor/DiscoveryEventsRegistrar</FullName>
          <Methods />
        </Class>
        <Class skippedDueTo="Filter">
          <FullName>Microsoft.VisualStudio.TestPlatform.CommandLine.Processors.ListTestsTargetPathArgumentProcessor</FullName>
          <Methods />
        </Class>
        <Class skippedDueTo="Filter">
          <FullName>Microsoft.VisualStudio.TestPlatform.CommandLine.Processors.ListTestsTargetPathArgumentProcessor/&lt;&gt;c</FullName>
          <Methods />
        </Class>
        <Class skippedDueTo="Filter">
          <FullName>Microsoft.VisualStudio.TestPlatform.CommandLine.Processors.ListTestsTargetPathArgumentProcessorCapabilities</FullName>
          <Methods />
        </Class>
        <Class skippedDueTo="Filter">
          <FullName>Microsoft.VisualStudio.TestPlatform.CommandLine.Processors.ListTestsTargetPathArgumentExecutor</FullName>
          <Methods />
        </Class>
        <Class skippedDueTo="Filter">
          <FullName>Microsoft.VisualStudio.TestPlatform.CommandLine.Processors.ParallelArgumentProcessor</FullName>
          <Methods />
        </Class>
        <Class skippedDueTo="Filter">
          <FullName>Microsoft.VisualStudio.TestPlatform.CommandLine.Processors.ParallelArgumentProcessor/&lt;&gt;c</FullName>
          <Methods />
        </Class>
        <Class skippedDueTo="Filter">
          <FullName>Microsoft.VisualStudio.TestPlatform.CommandLine.Processors.ParallelArgumentProcessorCapabilities</FullName>
          <Methods />
        </Class>
        <Class skippedDueTo="Filter">
          <FullName>Microsoft.VisualStudio.TestPlatform.CommandLine.Processors.ParallelArgumentExecutor</FullName>
          <Methods />
        </Class>
        <Class skippedDueTo="Filter">
          <FullName>Microsoft.VisualStudio.TestPlatform.CommandLine.Processors.ParentProcessIdArgumentProcessor</FullName>
          <Methods />
        </Class>
        <Class skippedDueTo="Filter">
          <FullName>Microsoft.VisualStudio.TestPlatform.CommandLine.Processors.ParentProcessIdArgumentProcessor/&lt;&gt;c</FullName>
          <Methods />
        </Class>
        <Class skippedDueTo="Filter">
          <FullName>Microsoft.VisualStudio.TestPlatform.CommandLine.Processors.ParentProcessIdArgumentProcessorCapabilities</FullName>
          <Methods />
        </Class>
        <Class skippedDueTo="Filter">
          <FullName>Microsoft.VisualStudio.TestPlatform.CommandLine.Processors.ParentProcessIdArgumentExecutor</FullName>
          <Methods />
        </Class>
        <Class skippedDueTo="Filter">
          <FullName>Microsoft.VisualStudio.TestPlatform.CommandLine.Processors.PlatformArgumentProcessor</FullName>
          <Methods />
        </Class>
        <Class skippedDueTo="Filter">
          <FullName>Microsoft.VisualStudio.TestPlatform.CommandLine.Processors.PlatformArgumentProcessor/&lt;&gt;c</FullName>
          <Methods />
        </Class>
        <Class skippedDueTo="Filter">
          <FullName>Microsoft.VisualStudio.TestPlatform.CommandLine.Processors.PlatformArgumentProcessorCapabilities</FullName>
          <Methods />
        </Class>
        <Class skippedDueTo="Filter">
          <FullName>Microsoft.VisualStudio.TestPlatform.CommandLine.Processors.PlatformArgumentExecutor</FullName>
          <Methods />
        </Class>
        <Class skippedDueTo="Filter">
          <FullName>Microsoft.VisualStudio.TestPlatform.CommandLine.Processors.PlatformArgumentExecutor/&lt;&gt;c</FullName>
          <Methods />
        </Class>
        <Class skippedDueTo="Filter">
          <FullName>Microsoft.VisualStudio.TestPlatform.CommandLine.Processors.PortArgumentProcessor</FullName>
          <Methods />
        </Class>
        <Class skippedDueTo="Filter">
          <FullName>Microsoft.VisualStudio.TestPlatform.CommandLine.Processors.PortArgumentProcessor/&lt;&gt;c</FullName>
          <Methods />
        </Class>
        <Class skippedDueTo="Filter">
          <FullName>Microsoft.VisualStudio.TestPlatform.CommandLine.Processors.PortArgumentProcessorCapabilities</FullName>
          <Methods />
        </Class>
        <Class skippedDueTo="Filter">
          <FullName>Microsoft.VisualStudio.TestPlatform.CommandLine.Processors.PortArgumentExecutor</FullName>
          <Methods />
        </Class>
        <Class skippedDueTo="Filter">
          <FullName>Microsoft.VisualStudio.TestPlatform.CommandLine.Processors.PortArgumentExecutor/&lt;&gt;O</FullName>
          <Methods />
        </Class>
        <Class skippedDueTo="Filter">
          <FullName>Microsoft.VisualStudio.TestPlatform.CommandLine.Processors.PortArgumentExecutor/&lt;&gt;c__DisplayClass10_0</FullName>
          <Methods />
        </Class>
        <Class skippedDueTo="Filter">
          <FullName>Microsoft.VisualStudio.TestPlatform.CommandLine.Processors.ResponseFileArgumentProcessor</FullName>
          <Methods />
        </Class>
        <Class skippedDueTo="Filter">
          <FullName>Microsoft.VisualStudio.TestPlatform.CommandLine.Processors.ResponseFileArgumentProcessor/&lt;&gt;c</FullName>
          <Methods />
        </Class>
        <Class skippedDueTo="Filter">
          <FullName>Microsoft.VisualStudio.TestPlatform.CommandLine.Processors.ResponseFileArgumentProcessorCapabilities</FullName>
          <Methods />
        </Class>
        <Class skippedDueTo="Filter">
          <FullName>Microsoft.VisualStudio.TestPlatform.CommandLine.Processors.ResultsDirectoryArgumentProcessor</FullName>
          <Methods />
        </Class>
        <Class skippedDueTo="Filter">
          <FullName>Microsoft.VisualStudio.TestPlatform.CommandLine.Processors.ResultsDirectoryArgumentProcessor/&lt;&gt;c</FullName>
          <Methods />
        </Class>
        <Class skippedDueTo="Filter">
          <FullName>Microsoft.VisualStudio.TestPlatform.CommandLine.Processors.ResultsDirectoryArgumentProcessorCapabilities</FullName>
          <Methods />
        </Class>
        <Class skippedDueTo="Filter">
          <FullName>Microsoft.VisualStudio.TestPlatform.CommandLine.Processors.ResultsDirectoryArgumentExecutor</FullName>
          <Methods />
        </Class>
        <Class skippedDueTo="Filter">
          <FullName>Microsoft.VisualStudio.TestPlatform.CommandLine.Processors.RunSettingsArgumentProcessor</FullName>
          <Methods />
        </Class>
        <Class skippedDueTo="Filter">
          <FullName>Microsoft.VisualStudio.TestPlatform.CommandLine.Processors.RunSettingsArgumentProcessor/&lt;&gt;c</FullName>
          <Methods />
        </Class>
        <Class skippedDueTo="Filter">
          <FullName>Microsoft.VisualStudio.TestPlatform.CommandLine.Processors.RunSettingsArgumentProcessorCapabilities</FullName>
          <Methods />
        </Class>
        <Class skippedDueTo="Filter">
          <FullName>Microsoft.VisualStudio.TestPlatform.CommandLine.Processors.RunSettingsArgumentExecutor</FullName>
          <Methods />
        </Class>
        <Class skippedDueTo="Filter">
          <FullName>Microsoft.VisualStudio.TestPlatform.CommandLine.Processors.RunSpecificTestsArgumentProcessor</FullName>
          <Methods />
        </Class>
        <Class skippedDueTo="Filter">
          <FullName>Microsoft.VisualStudio.TestPlatform.CommandLine.Processors.RunSpecificTestsArgumentProcessor/&lt;&gt;c</FullName>
          <Methods />
        </Class>
        <Class skippedDueTo="Filter">
          <FullName>Microsoft.VisualStudio.TestPlatform.CommandLine.Processors.RunSpecificTestsArgumentProcessorCapabilities</FullName>
          <Methods />
        </Class>
        <Class skippedDueTo="Filter">
          <FullName>Microsoft.VisualStudio.TestPlatform.CommandLine.Processors.RunSpecificTestsArgumentExecutor</FullName>
          <Methods />
        </Class>
        <Class skippedDueTo="Filter">
          <FullName>Microsoft.VisualStudio.TestPlatform.CommandLine.Processors.RunSpecificTestsArgumentExecutor/DiscoveryEventsRegistrar</FullName>
          <Methods />
        </Class>
        <Class skippedDueTo="Filter">
          <FullName>Microsoft.VisualStudio.TestPlatform.CommandLine.Processors.RunSpecificTestsArgumentExecutor/TestRunRequestEventsRegistrar</FullName>
          <Methods />
        </Class>
        <Class skippedDueTo="Filter">
          <FullName>Microsoft.VisualStudio.TestPlatform.CommandLine.Processors.RunSpecificTestsArgumentExecutor/&lt;&gt;c</FullName>
          <Methods />
        </Class>
        <Class skippedDueTo="Filter">
          <FullName>Microsoft.VisualStudio.TestPlatform.CommandLine.Processors.RunTestsArgumentProcessor</FullName>
          <Methods />
        </Class>
        <Class skippedDueTo="Filter">
          <FullName>Microsoft.VisualStudio.TestPlatform.CommandLine.Processors.RunTestsArgumentProcessor/&lt;&gt;c</FullName>
          <Methods />
        </Class>
        <Class skippedDueTo="Filter">
          <FullName>Microsoft.VisualStudio.TestPlatform.CommandLine.Processors.RunTestsArgumentProcessorCapabilities</FullName>
          <Methods />
        </Class>
        <Class skippedDueTo="Filter">
          <FullName>Microsoft.VisualStudio.TestPlatform.CommandLine.Processors.RunTestsArgumentExecutor</FullName>
          <Methods />
        </Class>
        <Class skippedDueTo="Filter">
          <FullName>Microsoft.VisualStudio.TestPlatform.CommandLine.Processors.RunTestsArgumentExecutor/TestRunRequestEventsRegistrar</FullName>
          <Methods />
        </Class>
        <Class skippedDueTo="Filter">
          <FullName>Microsoft.VisualStudio.TestPlatform.CommandLine.Processors.ShowDeprecateDotnetVStestMessageArgumentProcessor</FullName>
          <Methods />
        </Class>
        <Class skippedDueTo="Filter">
          <FullName>Microsoft.VisualStudio.TestPlatform.CommandLine.Processors.ShowDeprecateDotnetVStestMessageArgumentProcessor/&lt;&gt;c</FullName>
          <Methods />
        </Class>
        <Class skippedDueTo="Filter">
          <FullName>Microsoft.VisualStudio.TestPlatform.CommandLine.Processors.ShowDeprecateDotnetVStestMessageProcessorCapabilities</FullName>
          <Methods />
        </Class>
        <Class skippedDueTo="Filter">
          <FullName>Microsoft.VisualStudio.TestPlatform.CommandLine.Processors.ShowDeprecateDotnetVStestMessageProcessorExecutor</FullName>
          <Methods />
        </Class>
        <Class skippedDueTo="Filter">
          <FullName>Microsoft.VisualStudio.TestPlatform.CommandLine.Processors.TestAdapterLoadingStrategyArgumentProcessor</FullName>
          <Methods />
        </Class>
        <Class skippedDueTo="Filter">
          <FullName>Microsoft.VisualStudio.TestPlatform.CommandLine.Processors.TestAdapterLoadingStrategyArgumentProcessor/&lt;&gt;c</FullName>
          <Methods />
        </Class>
        <Class skippedDueTo="Filter">
          <FullName>Microsoft.VisualStudio.TestPlatform.CommandLine.Processors.TestAdapterLoadingStrategyArgumentProcessorCapabilities</FullName>
          <Methods />
        </Class>
        <Class skippedDueTo="Filter">
          <FullName>Microsoft.VisualStudio.TestPlatform.CommandLine.Processors.TestAdapterLoadingStrategyArgumentExecutor</FullName>
          <Methods />
        </Class>
        <Class skippedDueTo="Filter">
          <FullName>Microsoft.VisualStudio.TestPlatform.CommandLine.Processors.TestAdapterPathArgumentProcessor</FullName>
          <Methods />
        </Class>
        <Class skippedDueTo="Filter">
          <FullName>Microsoft.VisualStudio.TestPlatform.CommandLine.Processors.TestAdapterPathArgumentProcessor/&lt;&gt;c</FullName>
          <Methods />
        </Class>
        <Class skippedDueTo="Filter">
          <FullName>Microsoft.VisualStudio.TestPlatform.CommandLine.Processors.TestAdapterPathArgumentProcessorCapabilities</FullName>
          <Methods />
        </Class>
        <Class skippedDueTo="Filter">
          <FullName>Microsoft.VisualStudio.TestPlatform.CommandLine.Processors.TestAdapterPathArgumentExecutor</FullName>
          <Methods />
        </Class>
        <Class skippedDueTo="Filter">
          <FullName>Microsoft.VisualStudio.TestPlatform.CommandLine.Processors.TestCaseFilterArgumentProcessor</FullName>
          <Methods />
        </Class>
        <Class skippedDueTo="Filter">
          <FullName>Microsoft.VisualStudio.TestPlatform.CommandLine.Processors.TestCaseFilterArgumentProcessor/&lt;&gt;c</FullName>
          <Methods />
        </Class>
        <Class skippedDueTo="Filter">
          <FullName>Microsoft.VisualStudio.TestPlatform.CommandLine.Processors.TestCaseFilterArgumentProcessorCapabilities</FullName>
          <Methods />
        </Class>
        <Class skippedDueTo="Filter">
          <FullName>Microsoft.VisualStudio.TestPlatform.CommandLine.Processors.TestCaseFilterArgumentExecutor</FullName>
          <Methods />
        </Class>
        <Class skippedDueTo="Filter">
          <FullName>Microsoft.VisualStudio.TestPlatform.CommandLine.Processors.TestSessionCorrelationIdProcessor</FullName>
          <Methods />
        </Class>
        <Class skippedDueTo="Filter">
          <FullName>Microsoft.VisualStudio.TestPlatform.CommandLine.Processors.TestSessionCorrelationIdProcessor/&lt;&gt;c</FullName>
          <Methods />
        </Class>
        <Class skippedDueTo="Filter">
          <FullName>Microsoft.VisualStudio.TestPlatform.CommandLine.Processors.TestSessionCorrelationIdProcessorCapabilities</FullName>
          <Methods />
        </Class>
        <Class skippedDueTo="Filter">
          <FullName>Microsoft.VisualStudio.TestPlatform.CommandLine.Processors.TestSessionCorrelationIdProcessorModeProcessorExecutor</FullName>
          <Methods />
        </Class>
        <Class skippedDueTo="Filter">
          <FullName>Microsoft.VisualStudio.TestPlatform.CommandLine.Processors.TestSourceArgumentProcessor</FullName>
          <Methods />
        </Class>
        <Class skippedDueTo="Filter">
          <FullName>Microsoft.VisualStudio.TestPlatform.CommandLine.Processors.TestSourceArgumentProcessor/&lt;&gt;c</FullName>
          <Methods />
        </Class>
        <Class skippedDueTo="Filter">
          <FullName>Microsoft.VisualStudio.TestPlatform.CommandLine.Processors.TestSourceArgumentProcessorCapabilities</FullName>
          <Methods />
        </Class>
        <Class skippedDueTo="Filter">
          <FullName>Microsoft.VisualStudio.TestPlatform.CommandLine.Processors.TestSourceArgumentExecutor</FullName>
          <Methods />
        </Class>
        <Class skippedDueTo="Filter">
          <FullName>Microsoft.VisualStudio.TestPlatform.CommandLine.Processors.UseVsixExtensionsArgumentProcessor</FullName>
          <Methods />
        </Class>
        <Class skippedDueTo="Filter">
          <FullName>Microsoft.VisualStudio.TestPlatform.CommandLine.Processors.UseVsixExtensionsArgumentProcessor/&lt;&gt;c</FullName>
          <Methods />
        </Class>
        <Class skippedDueTo="Filter">
          <FullName>Microsoft.VisualStudio.TestPlatform.CommandLine.Processors.UseVsixExtensionsArgumentProcessorCapabilities</FullName>
          <Methods />
        </Class>
        <Class skippedDueTo="Filter">
          <FullName>Microsoft.VisualStudio.TestPlatform.CommandLine.Processors.UseVsixExtensionsArgumentExecutor</FullName>
          <Methods />
        </Class>
        <Class skippedDueTo="Filter">
          <FullName>Microsoft.VisualStudio.TestPlatform.CommandLine.Processors.ArgumentProcessorFactory</FullName>
          <Methods />
        </Class>
        <Class skippedDueTo="Filter">
          <FullName>Microsoft.VisualStudio.TestPlatform.CommandLine.Processors.ArgumentProcessorFactory/&lt;&gt;c</FullName>
          <Methods />
        </Class>
        <Class skippedDueTo="Filter">
          <FullName>Microsoft.VisualStudio.TestPlatform.CommandLine.Processors.ArgumentProcessorFactory/&lt;&gt;c__DisplayClass18_0</FullName>
          <Methods />
        </Class>
        <Class skippedDueTo="Filter">
          <FullName>Microsoft.VisualStudio.TestPlatform.CommandLine.Processors.ArgumentProcessorFactory/&lt;&gt;c__DisplayClass19_0</FullName>
          <Methods />
        </Class>
        <Class skippedDueTo="Filter">
          <FullName>Microsoft.VisualStudio.TestPlatform.CommandLine.Processors.BaseArgumentProcessorCapabilities</FullName>
          <Methods />
        </Class>
        <Class skippedDueTo="Filter">
          <FullName>Microsoft.VisualStudio.TestPlatform.CommandLine.Processors.Utilities.AssemblyMetadataProvider</FullName>
          <Methods />
        </Class>
        <Class skippedDueTo="Filter">
          <FullName>Microsoft.VisualStudio.TestPlatform.CommandLine.Processors.Utilities.ArgumentProcessorUtilities</FullName>
          <Methods />
        </Class>
        <Class skippedDueTo="Filter">
          <FullName>Microsoft.VisualStudio.TestPlatform.CommandLine.Processors.Utilities.LoggerUtilities</FullName>
          <Methods />
        </Class>
      </Classes>
    </Module>
    <Module hash="28-40-07-83-EC-4C-33-C2-93-96-F7-87-FC-64-87-FB-E6-C2-70-F3">
      <Summary numSequencePoints="0" visitedSequencePoints="0" numBranchPoints="0" visitedBranchPoints="0" sequenceCoverage="0" branchCoverage="0" maxCyclomaticComplexity="0" minCyclomaticComplexity="0" maxCrapScore="0" minCrapScore="0" visitedClasses="0" numClasses="0" visitedMethods="0" numMethods="0" />
      <ModulePath>C:\Program Files\Microsoft Visual Studio\2022\Community\Common7\IDE\Extensions\TestPlatform\Microsoft.TestPlatform.CoreUtilities.dll</ModulePath>
      <ModuleTime>2024-07-03T14:36:09.4488912Z</ModuleTime>
      <ModuleName>Microsoft.TestPlatform.CoreUtilities</ModuleName>
      <Files />
      <Classes>
        <Class skippedDueTo="Filter">
          <FullName>&lt;Module&gt;</FullName>
          <Methods />
        </Class>
        <Class skippedDueTo="Filter">
          <FullName>Microsoft.CodeAnalysis.EmbeddedAttribute</FullName>
          <Methods />
        </Class>
        <Class skippedDueTo="Filter">
          <FullName>System.Runtime.CompilerServices.NullableAttribute</FullName>
          <Methods />
        </Class>
        <Class skippedDueTo="Filter">
          <FullName>System.Runtime.CompilerServices.NullableContextAttribute</FullName>
          <Methods />
        </Class>
        <Class skippedDueTo="Filter">
          <FullName>System.Runtime.CompilerServices.RefSafetyRulesAttribute</FullName>
          <Methods />
        </Class>
        <Class skippedDueTo="Filter">
          <FullName>System.GuidPolyfill</FullName>
          <Methods />
        </Class>
        <Class skippedDueTo="Filter">
          <FullName>System.Diagnostics.CodeAnalysis.AllowNullAttribute</FullName>
          <Methods />
        </Class>
        <Class skippedDueTo="Filter">
          <FullName>System.Diagnostics.CodeAnalysis.DisallowNullAttribute</FullName>
          <Methods />
        </Class>
        <Class skippedDueTo="Filter">
          <FullName>System.Diagnostics.CodeAnalysis.MaybeNullAttribute</FullName>
          <Methods />
        </Class>
        <Class skippedDueTo="Filter">
          <FullName>System.Diagnostics.CodeAnalysis.NotNullAttribute</FullName>
          <Methods />
        </Class>
        <Class skippedDueTo="Filter">
          <FullName>System.Diagnostics.CodeAnalysis.MaybeNullWhenAttribute</FullName>
          <Methods />
        </Class>
        <Class skippedDueTo="Filter">
          <FullName>System.Diagnostics.CodeAnalysis.NotNullWhenAttribute</FullName>
          <Methods />
        </Class>
        <Class skippedDueTo="Filter">
          <FullName>System.Diagnostics.CodeAnalysis.NotNullIfNotNullAttribute</FullName>
          <Methods />
        </Class>
        <Class skippedDueTo="Filter">
          <FullName>System.Diagnostics.CodeAnalysis.DoesNotReturnAttribute</FullName>
          <Methods />
        </Class>
        <Class skippedDueTo="Filter">
          <FullName>System.Diagnostics.CodeAnalysis.DoesNotReturnIfAttribute</FullName>
          <Methods />
        </Class>
        <Class skippedDueTo="Filter">
          <FullName>System.Diagnostics.CodeAnalysis.MemberNotNullAttribute</FullName>
          <Methods />
        </Class>
        <Class skippedDueTo="Filter">
          <FullName>System.Diagnostics.CodeAnalysis.MemberNotNullWhenAttribute</FullName>
          <Methods />
        </Class>
        <Class skippedDueTo="Filter">
          <FullName>System.Text.StringBuilderPolyfill</FullName>
          <Methods />
        </Class>
        <Class skippedDueTo="Filter">
          <FullName>Microsoft.VisualStudio.TestPlatform.Common.Utilities.Job`1</FullName>
          <Methods />
        </Class>
        <Class skippedDueTo="Filter">
          <FullName>Microsoft.VisualStudio.TestPlatform.ObjectModel.EqtTrace</FullName>
          <Methods />
        </Class>
        <Class skippedDueTo="Filter">
          <FullName>Microsoft.VisualStudio.TestPlatform.ObjectModel.ValidateArg</FullName>
          <Methods />
        </Class>
        <Class skippedDueTo="Filter">
          <FullName>Microsoft.VisualStudio.TestPlatform.ObjectModel.ValidateArgProperty</FullName>
          <Methods />
        </Class>
        <Class skippedDueTo="Filter">
          <FullName>Microsoft.VisualStudio.TestPlatform.CrossPlatEngine.Helpers.DotnetHostHelper</FullName>
          <Methods />
        </Class>
        <Class skippedDueTo="Filter">
          <FullName>Microsoft.VisualStudio.TestPlatform.Utilities.FeatureFlag</FullName>
          <Methods />
        </Class>
        <Class skippedDueTo="Filter">
          <FullName>Microsoft.VisualStudio.TestPlatform.Utilities.FeatureFlag/&lt;&gt;c</FullName>
          <Methods />
        </Class>
        <Class skippedDueTo="Filter">
          <FullName>Microsoft.VisualStudio.TestPlatform.Utilities.ConsoleOutput</FullName>
          <Methods />
        </Class>
        <Class skippedDueTo="Filter">
          <FullName>Microsoft.VisualStudio.TestPlatform.Utilities.OutputExtensions</FullName>
          <Methods />
        </Class>
        <Class skippedDueTo="Filter">
          <FullName>Microsoft.VisualStudio.TestPlatform.Utilities.OutputExtensions/&lt;&gt;c__DisplayClass1_0</FullName>
          <Methods />
        </Class>
        <Class skippedDueTo="Filter">
          <FullName>Microsoft.VisualStudio.TestPlatform.Utilities.OutputExtensions/&lt;&gt;c__DisplayClass2_0</FullName>
          <Methods />
        </Class>
        <Class skippedDueTo="Filter">
          <FullName>Microsoft.VisualStudio.TestPlatform.Utilities.OutputExtensions/&lt;&gt;c__DisplayClass4_0</FullName>
          <Methods />
        </Class>
        <Class skippedDueTo="Filter">
          <FullName>Microsoft.VisualStudio.TestPlatform.Utilities.OutputExtensions/&lt;&gt;c__DisplayClass5_0</FullName>
          <Methods />
        </Class>
        <Class skippedDueTo="Filter">
          <FullName>Microsoft.VisualStudio.TestPlatform.Utilities.JobQueue`1</FullName>
          <Methods />
        </Class>
        <Class skippedDueTo="Filter">
          <FullName>Microsoft.VisualStudio.TestPlatform.Utilities.MulticastDelegateUtilities</FullName>
          <Methods />
        </Class>
        <Class skippedDueTo="Filter">
          <FullName>Microsoft.VisualStudio.TestPlatform.Utilities.TimeSpanParser</FullName>
          <Methods />
        </Class>
        <Class skippedDueTo="Filter">
          <FullName>Microsoft.VisualStudio.TestPlatform.Utilities.Helpers.FileHelper</FullName>
          <Methods />
        </Class>
        <Class skippedDueTo="Filter">
          <FullName>Microsoft.VisualStudio.TestPlatform.Utilities.Helpers.FileHelper/&lt;&gt;c__DisplayClass7_0</FullName>
          <Methods />
        </Class>
        <Class skippedDueTo="Filter">
          <FullName>Microsoft.VisualStudio.TestPlatform.Utilities.Helpers.FileHelper/&lt;&gt;c__DisplayClass7_1</FullName>
          <Methods />
        </Class>
        <Class skippedDueTo="Filter">
          <FullName>Microsoft.VisualStudio.TestPlatform.Utilities.Helpers.RunSettingsHelper</FullName>
          <Methods />
        </Class>
        <Class skippedDueTo="Filter">
          <FullName>Microsoft.VisualStudio.TestPlatform.Utilities.Helpers.WindowsRegistryHelper</FullName>
          <Methods />
        </Class>
        <Class skippedDueTo="Filter">
          <FullName>Microsoft.VisualStudio.TestPlatform.Utilities.Helpers.RegistryKeyWrapper</FullName>
          <Methods />
        </Class>
        <Class skippedDueTo="Filter">
          <FullName>Microsoft.VisualStudio.TestPlatform.CoreUtilities.Constants</FullName>
          <Methods />
        </Class>
        <Class skippedDueTo="Filter">
          <FullName>Microsoft.VisualStudio.TestPlatform.CoreUtilities.StringUtils</FullName>
          <Methods />
        </Class>
        <Class skippedDueTo="Filter">
          <FullName>Microsoft.VisualStudio.TestPlatform.CoreUtilities.TPDebug</FullName>
          <Methods />
        </Class>
        <Class skippedDueTo="Filter">
          <FullName>Microsoft.VisualStudio.TestPlatform.CoreUtilities.Tracing.TestPlatformEventSource</FullName>
          <Methods />
        </Class>
        <Class skippedDueTo="Filter">
          <FullName>Microsoft.VisualStudio.TestPlatform.CoreUtilities.Tracing.TestPlatformInstrumentationEvents</FullName>
          <Methods />
        </Class>
        <Class skippedDueTo="Filter">
          <FullName>Microsoft.VisualStudio.TestPlatform.CoreUtilities.Resources.Resources</FullName>
          <Methods />
        </Class>
        <Class skippedDueTo="Filter">
          <FullName>Microsoft.VisualStudio.TestPlatform.CoreUtilities.Helpers.CommandLineArgumentsHelper</FullName>
          <Methods />
        </Class>
        <Class skippedDueTo="Filter">
          <FullName>Microsoft.VisualStudio.TestPlatform.CoreUtilities.Helpers.EnvironmentHelper</FullName>
          <Methods />
        </Class>
        <Class skippedDueTo="Filter">
          <FullName>Microsoft.VisualStudio.TestPlatform.CoreUtilities.Helpers.EnvironmentVariableHelper</FullName>
          <Methods />
        </Class>
        <Class skippedDueTo="Filter">
          <FullName>Microsoft.VisualStudio.TestPlatform.CoreUtilities.Extensions.StringBuilderExtensions</FullName>
          <Methods />
        </Class>
        <Class skippedDueTo="Filter">
          <FullName>Microsoft.VisualStudio.TestPlatform.CoreUtilities.Extensions.StringExtensions</FullName>
          <Methods />
        </Class>
      </Classes>
    </Module>
    <Module hash="57-55-0F-71-9B-E6-14-16-D7-6A-71-21-B3-26-59-8F-B5-83-82-D5">
      <Summary numSequencePoints="0" visitedSequencePoints="0" numBranchPoints="0" visitedBranchPoints="0" sequenceCoverage="0" branchCoverage="0" maxCyclomaticComplexity="0" minCyclomaticComplexity="0" maxCrapScore="0" minCrapScore="0" visitedClasses="0" numClasses="0" visitedMethods="0" numMethods="0" />
      <ModulePath>C:\Program Files\Microsoft Visual Studio\2022\Community\Common7\IDE\Extensions\TestPlatform\Microsoft.TestPlatform.PlatformAbstractions.dll</ModulePath>
      <ModuleTime>2024-07-03T14:36:09.4534496Z</ModuleTime>
      <ModuleName>Microsoft.TestPlatform.PlatformAbstractions</ModuleName>
      <Files />
      <Classes>
        <Class skippedDueTo="Filter">
          <FullName>&lt;Module&gt;</FullName>
          <Methods />
        </Class>
        <Class skippedDueTo="Filter">
          <FullName>Microsoft.CodeAnalysis.EmbeddedAttribute</FullName>
          <Methods />
        </Class>
        <Class skippedDueTo="Filter">
          <FullName>System.Runtime.CompilerServices.NullableAttribute</FullName>
          <Methods />
        </Class>
        <Class skippedDueTo="Filter">
          <FullName>System.Runtime.CompilerServices.NullableContextAttribute</FullName>
          <Methods />
        </Class>
        <Class skippedDueTo="Filter">
          <FullName>System.Runtime.CompilerServices.NativeIntegerAttribute</FullName>
          <Methods />
        </Class>
        <Class skippedDueTo="Filter">
          <FullName>System.Runtime.CompilerServices.RefSafetyRulesAttribute</FullName>
          <Methods />
        </Class>
        <Class skippedDueTo="Filter">
          <FullName>System.Diagnostics.CodeAnalysis.AllowNullAttribute</FullName>
          <Methods />
        </Class>
        <Class skippedDueTo="Filter">
          <FullName>System.Diagnostics.CodeAnalysis.DisallowNullAttribute</FullName>
          <Methods />
        </Class>
        <Class skippedDueTo="Filter">
          <FullName>System.Diagnostics.CodeAnalysis.MaybeNullAttribute</FullName>
          <Methods />
        </Class>
        <Class skippedDueTo="Filter">
          <FullName>System.Diagnostics.CodeAnalysis.NotNullAttribute</FullName>
          <Methods />
        </Class>
        <Class skippedDueTo="Filter">
          <FullName>System.Diagnostics.CodeAnalysis.MaybeNullWhenAttribute</FullName>
          <Methods />
        </Class>
        <Class skippedDueTo="Filter">
          <FullName>System.Diagnostics.CodeAnalysis.NotNullWhenAttribute</FullName>
          <Methods />
        </Class>
        <Class skippedDueTo="Filter">
          <FullName>System.Diagnostics.CodeAnalysis.NotNullIfNotNullAttribute</FullName>
          <Methods />
        </Class>
        <Class skippedDueTo="Filter">
          <FullName>System.Diagnostics.CodeAnalysis.DoesNotReturnAttribute</FullName>
          <Methods />
        </Class>
        <Class skippedDueTo="Filter">
          <FullName>System.Diagnostics.CodeAnalysis.DoesNotReturnIfAttribute</FullName>
          <Methods />
        </Class>
        <Class skippedDueTo="Filter">
          <FullName>System.Diagnostics.CodeAnalysis.MemberNotNullAttribute</FullName>
          <Methods />
        </Class>
        <Class skippedDueTo="Filter">
          <FullName>System.Diagnostics.CodeAnalysis.MemberNotNullWhenAttribute</FullName>
          <Methods />
        </Class>
        <Class skippedDueTo="Filter">
          <FullName>Microsoft.TestPlatform.PlatformAbstractions.StringUtils</FullName>
          <Methods />
        </Class>
        <Class skippedDueTo="Filter">
          <FullName>Microsoft.TestPlatform.PlatformAbstractions.TPDebug</FullName>
          <Methods />
        </Class>
        <Class skippedDueTo="Filter">
          <FullName>Microsoft.TestPlatform.PlatformAbstractions.VersionAttribute</FullName>
          <Methods />
        </Class>
        <Class skippedDueTo="Filter">
          <FullName>Microsoft.VisualStudio.TestPlatform.ObjectModel.PlatformEqtTrace</FullName>
          <Methods />
        </Class>
        <Class skippedDueTo="Filter">
          <FullName>Microsoft.VisualStudio.TestPlatform.ObjectModel.RollingFileTraceListener</FullName>
          <Methods />
        </Class>
        <Class skippedDueTo="Filter">
          <FullName>Microsoft.VisualStudio.TestPlatform.ObjectModel.RollingFileTraceListener/StreamWriterRollingHelper</FullName>
          <Methods />
        </Class>
        <Class skippedDueTo="Filter">
          <FullName>Microsoft.VisualStudio.TestPlatform.ObjectModel.RollingFileTraceListener/TallyKeepingFileStreamWriter</FullName>
          <Methods />
        </Class>
        <Class skippedDueTo="Filter">
          <FullName>Microsoft.VisualStudio.TestPlatform.ObjectModel.RemoteEqtTrace</FullName>
          <Methods />
        </Class>
        <Class skippedDueTo="Filter">
          <FullName>Microsoft.VisualStudio.TestPlatform.PlatformAbstractions.PlatformStream</FullName>
          <Methods />
        </Class>
        <Class skippedDueTo="Filter">
          <FullName>Microsoft.VisualStudio.TestPlatform.PlatformAbstractions.NativeMethods</FullName>
          <Methods />
        </Class>
        <Class skippedDueTo="Filter">
          <FullName>Microsoft.VisualStudio.TestPlatform.PlatformAbstractions.ProcessHelper</FullName>
          <Methods />
        </Class>
        <Class skippedDueTo="Filter">
          <FullName>Microsoft.VisualStudio.TestPlatform.PlatformAbstractions.ProcessHelper/&lt;&gt;c__DisplayClass15_0</FullName>
          <Methods />
        </Class>
        <Class skippedDueTo="Filter">
          <FullName>Microsoft.VisualStudio.TestPlatform.PlatformAbstractions.ProcessHelper/&lt;&gt;c__DisplayClass9_0</FullName>
          <Methods />
        </Class>
        <Class skippedDueTo="Filter">
          <FullName>Microsoft.VisualStudio.TestPlatform.PlatformAbstractions.ProcessHelper/&lt;&gt;c__DisplayClass9_1</FullName>
          <Methods />
        </Class>
        <Class skippedDueTo="Filter">
          <FullName>Microsoft.VisualStudio.TestPlatform.PlatformAbstractions.ThreadApartmentStateNotSupportedException</FullName>
          <Methods />
        </Class>
        <Class skippedDueTo="Filter">
          <FullName>Microsoft.VisualStudio.TestPlatform.PlatformAbstractions.PlatformAssemblyExtensions</FullName>
          <Methods />
        </Class>
        <Class skippedDueTo="Filter">
          <FullName>Microsoft.VisualStudio.TestPlatform.PlatformAbstractions.PlatformAssemblyLoadContext</FullName>
          <Methods />
        </Class>
        <Class skippedDueTo="Filter">
          <FullName>Microsoft.VisualStudio.TestPlatform.PlatformAbstractions.PlatformAssemblyResolver</FullName>
          <Methods />
        </Class>
        <Class skippedDueTo="Filter">
          <FullName>Microsoft.VisualStudio.TestPlatform.PlatformAbstractions.PlatformEnvironment</FullName>
          <Methods />
        </Class>
        <Class skippedDueTo="Filter">
          <FullName>Microsoft.VisualStudio.TestPlatform.PlatformAbstractions.PlatformThread</FullName>
          <Methods />
        </Class>
        <Class skippedDueTo="Filter">
          <FullName>Microsoft.VisualStudio.TestPlatform.PlatformAbstractions.PlatformThread/&lt;&gt;c__DisplayClass0_0</FullName>
          <Methods />
        </Class>
        <Class skippedDueTo="Filter">
          <FullName>Microsoft.VisualStudio.TestPlatform.PlatformAbstractions.ProcessStartInfoExtensions</FullName>
          <Methods />
        </Class>
        <Class skippedDueTo="Delegate">
          <FullName>Microsoft.VisualStudio.TestPlatform.PlatformAbstractions.Interfaces.AssemblyResolveEventHandler</FullName>
          <Methods />
        </Class>
        <Class skippedDueTo="Filter">
          <FullName>Microsoft.VisualStudio.TestPlatform.PlatformAbstractions.Interfaces.AssemblyResolveEventArgs</FullName>
          <Methods />
        </Class>
      </Classes>
    </Module>
    <Module skippedDueTo="Filter" hash="3F-59-35-16-1C-B9-61-C9-A8-F3-87-B4-AD-43-8D-08-D8-B5-9F-AB">
      <ModulePath>C:\Windows\Microsoft.Net\assembly\GAC_MSIL\System\v4.0_4.0.0.0__b77a5c561934e089\System.dll</ModulePath>
      <ModuleTime>2024-06-01T04:20:00.7650138Z</ModuleTime>
      <ModuleName>System</ModuleName>
      <Classes />
    </Module>
    <Module hash="AC-95-90-8B-08-A3-AF-51-73-C4-7D-8F-DF-5C-56-7E-E9-8C-63-D2">
      <Summary numSequencePoints="0" visitedSequencePoints="0" numBranchPoints="0" visitedBranchPoints="0" sequenceCoverage="0" branchCoverage="0" maxCyclomaticComplexity="0" minCyclomaticComplexity="0" maxCrapScore="0" minCrapScore="0" visitedClasses="0" numClasses="0" visitedMethods="0" numMethods="0" />
      <ModulePath>C:\Program Files\Microsoft Visual Studio\2022\Community\Common7\IDE\Extensions\TestPlatform\Microsoft.VisualStudio.TestPlatform.ObjectModel.dll</ModulePath>
      <ModuleTime>2024-07-03T14:36:09.5198693Z</ModuleTime>
      <ModuleName>Microsoft.VisualStudio.TestPlatform.ObjectModel</ModuleName>
      <Files />
      <Classes>
        <Class skippedDueTo="Filter">
          <FullName>&lt;Module&gt;</FullName>
          <Methods />
        </Class>
        <Class skippedDueTo="Filter">
          <FullName>&lt;&gt;f__AnonymousType0`2</FullName>
          <Methods />
        </Class>
        <Class skippedDueTo="Filter">
          <FullName>Microsoft.CodeAnalysis.EmbeddedAttribute</FullName>
          <Methods />
        </Class>
        <Class skippedDueTo="Filter">
          <FullName>System.Runtime.CompilerServices.IsReadOnlyAttribute</FullName>
          <Methods />
        </Class>
        <Class skippedDueTo="Filter">
          <FullName>System.Runtime.CompilerServices.IsByRefLikeAttribute</FullName>
          <Methods />
        </Class>
        <Class skippedDueTo="Filter">
          <FullName>System.Runtime.CompilerServices.NullableAttribute</FullName>
          <Methods />
        </Class>
        <Class skippedDueTo="Filter">
          <FullName>System.Runtime.CompilerServices.NullableContextAttribute</FullName>
          <Methods />
        </Class>
        <Class skippedDueTo="Filter">
          <FullName>System.Runtime.CompilerServices.RefSafetyRulesAttribute</FullName>
          <Methods />
        </Class>
        <Class skippedDueTo="Filter">
          <FullName>NuGetClone.NoAllocEnumerateExtensions</FullName>
          <Methods />
        </Class>
        <Class skippedDueTo="Filter">
          <FullName>NuGetClone.SimplePool`1</FullName>
          <Methods />
        </Class>
        <Class skippedDueTo="Filter">
          <FullName>NuGetClone.StringBuilderPool</FullName>
          <Methods />
        </Class>
        <Class skippedDueTo="Filter">
          <FullName>NuGetClone.StringBuilderPool/&lt;&gt;c</FullName>
          <Methods />
        </Class>
        <Class skippedDueTo="Filter">
          <FullName>NuGetClone.Frameworks.CompatibilityMappingComparer</FullName>
          <Methods />
        </Class>
        <Class skippedDueTo="Filter">
          <FullName>NuGetClone.Frameworks.CompatibilityProvider</FullName>
          <Methods />
        </Class>
        <Class skippedDueTo="Filter">
          <FullName>NuGetClone.Frameworks.CompatibilityProvider/&lt;&gt;c__DisplayClass10_0</FullName>
          <Methods />
        </Class>
        <Class skippedDueTo="Filter">
          <FullName>NuGetClone.Frameworks.CompatibilityProvider/&lt;&gt;c__DisplayClass9_0</FullName>
          <Methods />
        </Class>
        <Class skippedDueTo="Filter">
          <FullName>NuGetClone.Frameworks.CompatibilityProvider/&lt;&gt;c__DisplayClass9_1</FullName>
          <Methods />
        </Class>
        <Class skippedDueTo="Filter">
          <FullName>NuGetClone.Frameworks.CompatibilityProvider/&lt;GetEquivalentFrameworksClosure&gt;d__13</FullName>
          <Methods />
        </Class>
        <Class skippedDueTo="Filter">
          <FullName>NuGetClone.Frameworks.DefaultCompatibilityProvider</FullName>
          <Methods />
        </Class>
        <Class skippedDueTo="Filter">
          <FullName>NuGetClone.Frameworks.DefaultFrameworkMappings</FullName>
          <Methods />
        </Class>
        <Class skippedDueTo="Filter">
          <FullName>NuGetClone.Frameworks.DefaultFrameworkMappings/&lt;&gt;c</FullName>
          <Methods />
        </Class>
        <Class skippedDueTo="Filter">
          <FullName>NuGetClone.Frameworks.DefaultFrameworkMappings/&lt;CreateGenerationAndStandardMapping&gt;d__23</FullName>
          <Methods />
        </Class>
        <Class skippedDueTo="Filter">
          <FullName>NuGetClone.Frameworks.DefaultFrameworkNameProvider</FullName>
          <Methods />
        </Class>
        <Class skippedDueTo="Filter">
          <FullName>NuGetClone.Frameworks.DefaultFrameworkNameProvider/&lt;&gt;c</FullName>
          <Methods />
        </Class>
        <Class skippedDueTo="Filter">
          <FullName>NuGetClone.Frameworks.DefaultPortableFrameworkMappings</FullName>
          <Methods />
        </Class>
        <Class skippedDueTo="Filter">
          <FullName>NuGetClone.Frameworks.DefaultPortableFrameworkMappings/&lt;&gt;c</FullName>
          <Methods />
        </Class>
        <Class skippedDueTo="Filter">
          <FullName>NuGetClone.Frameworks.FallbackFramework</FullName>
          <Methods />
        </Class>
        <Class skippedDueTo="Filter">
          <FullName>NuGetClone.Frameworks.FrameworkConstants</FullName>
          <Methods />
        </Class>
        <Class skippedDueTo="Filter">
          <FullName>NuGetClone.Frameworks.FrameworkConstants/SpecialIdentifiers</FullName>
          <Methods />
        </Class>
        <Class skippedDueTo="Filter">
          <FullName>NuGetClone.Frameworks.FrameworkConstants/PlatformIdentifiers</FullName>
          <Methods />
        </Class>
        <Class skippedDueTo="Filter">
          <FullName>NuGetClone.Frameworks.FrameworkConstants/FrameworkIdentifiers</FullName>
          <Methods />
        </Class>
        <Class skippedDueTo="Filter">
          <FullName>NuGetClone.Frameworks.FrameworkConstants/CommonFrameworks</FullName>
          <Methods />
        </Class>
        <Class skippedDueTo="Filter">
          <FullName>NuGetClone.Frameworks.FrameworkException</FullName>
          <Methods />
        </Class>
        <Class skippedDueTo="Filter">
          <FullName>NuGetClone.Frameworks.FrameworkExpander</FullName>
          <Methods />
        </Class>
        <Class skippedDueTo="Filter">
          <FullName>NuGetClone.Frameworks.FrameworkExpander/&lt;Expand&gt;d__3</FullName>
          <Methods />
        </Class>
        <Class skippedDueTo="Filter">
          <FullName>NuGetClone.Frameworks.FrameworkExpander/&lt;ExpandInternal&gt;d__4</FullName>
          <Methods />
        </Class>
        <Class skippedDueTo="Filter">
          <FullName>NuGetClone.Frameworks.FrameworkNameHelpers</FullName>
          <Methods />
        </Class>
        <Class skippedDueTo="Filter">
          <FullName>NuGetClone.Frameworks.FrameworkNameProvider</FullName>
          <Methods />
        </Class>
        <Class skippedDueTo="Filter">
          <FullName>NuGetClone.Frameworks.FrameworkNameProvider/&lt;&gt;c</FullName>
          <Methods />
        </Class>
        <Class skippedDueTo="Filter">
          <FullName>NuGetClone.Frameworks.FrameworkNameProvider/&lt;&gt;c__DisplayClass23_0</FullName>
          <Methods />
        </Class>
        <Class skippedDueTo="Filter">
          <FullName>NuGetClone.Frameworks.FrameworkNameProvider/&lt;&gt;c__DisplayClass43_0</FullName>
          <Methods />
        </Class>
        <Class skippedDueTo="Filter">
          <FullName>NuGetClone.Frameworks.FrameworkNameProvider/&lt;&gt;c__DisplayClass60_0</FullName>
          <Methods />
        </Class>
        <Class skippedDueTo="Filter">
          <FullName>NuGetClone.Frameworks.FrameworkNameProvider/&lt;&gt;c__DisplayClass70_0</FullName>
          <Methods />
        </Class>
        <Class skippedDueTo="Filter">
          <FullName>NuGetClone.Frameworks.FrameworkNameProvider/&lt;GetEquivalentPermutations&gt;d__34</FullName>
          <Methods />
        </Class>
        <Class skippedDueTo="Filter">
          <FullName>NuGetClone.Frameworks.FrameworkPrecedenceSorter</FullName>
          <Methods />
        </Class>
        <Class skippedDueTo="Filter">
          <FullName>NuGetClone.Frameworks.FrameworkRange</FullName>
          <Methods />
        </Class>
        <Class skippedDueTo="Filter">
          <FullName>NuGetClone.Frameworks.FrameworkRangeComparer</FullName>
          <Methods />
        </Class>
        <Class skippedDueTo="Filter">
          <FullName>NuGetClone.Frameworks.FrameworkReducer</FullName>
          <Methods />
        </Class>
        <Class skippedDueTo="Filter">
          <FullName>NuGetClone.Frameworks.FrameworkReducer/&lt;&gt;c</FullName>
          <Methods />
        </Class>
        <Class skippedDueTo="Filter">
          <FullName>NuGetClone.Frameworks.FrameworkReducer/&lt;&gt;c__DisplayClass10_0</FullName>
          <Methods />
        </Class>
        <Class skippedDueTo="Filter">
          <FullName>NuGetClone.Frameworks.FrameworkReducer/&lt;&gt;c__DisplayClass15_0</FullName>
          <Methods />
        </Class>
        <Class skippedDueTo="Filter">
          <FullName>NuGetClone.Frameworks.FrameworkReducer/&lt;&gt;c__DisplayClass15_1</FullName>
          <Methods />
        </Class>
        <Class skippedDueTo="Filter">
          <FullName>NuGetClone.Frameworks.FrameworkReducer/&lt;&gt;c__DisplayClass15_2</FullName>
          <Methods />
        </Class>
        <Class skippedDueTo="Filter">
          <FullName>NuGetClone.Frameworks.FrameworkReducer/&lt;&gt;c__DisplayClass5_0</FullName>
          <Methods />
        </Class>
        <Class skippedDueTo="Filter">
          <FullName>NuGetClone.Frameworks.FrameworkReducer/&lt;&gt;c__DisplayClass5_1</FullName>
          <Methods />
        </Class>
        <Class skippedDueTo="Filter">
          <FullName>NuGetClone.Frameworks.FrameworkReducer/&lt;ReduceEquivalent&gt;d__6</FullName>
          <Methods />
        </Class>
        <Class skippedDueTo="Filter">
          <FullName>NuGetClone.Frameworks.FrameworkSpecificMapping</FullName>
          <Methods />
        </Class>
        <Class skippedDueTo="Filter">
          <FullName>NuGetClone.Frameworks.NuGetFramework</FullName>
          <Methods />
        </Class>
        <Class skippedDueTo="Filter">
          <FullName>NuGetClone.Frameworks.NuGetFramework/&lt;&gt;c</FullName>
          <Methods />
        </Class>
        <Class skippedDueTo="Filter">
          <FullName>NuGetClone.Frameworks.NuGetFramework/&lt;&gt;c__DisplayClass36_0</FullName>
          <Methods />
        </Class>
        <Class skippedDueTo="Filter">
          <FullName>NuGetClone.Frameworks.NuGetFrameworkFullComparer</FullName>
          <Methods />
        </Class>
        <Class skippedDueTo="Filter">
          <FullName>NuGetClone.Frameworks.NuGetFrameworkNameComparer</FullName>
          <Methods />
        </Class>
        <Class skippedDueTo="Filter">
          <FullName>NuGetClone.Frameworks.NuGetFrameworkSorter</FullName>
          <Methods />
        </Class>
        <Class skippedDueTo="Filter">
          <FullName>NuGetClone.Frameworks.NuGetFrameworkUtility</FullName>
          <Methods />
        </Class>
        <Class skippedDueTo="Filter">
          <FullName>NuGetClone.Frameworks.NuGetFrameworkUtility/&lt;&gt;c__3`1</FullName>
          <Methods />
        </Class>
        <Class skippedDueTo="Filter">
          <FullName>NuGetClone.Frameworks.NuGetFrameworkUtility/&lt;&gt;c__DisplayClass1_0`1</FullName>
          <Methods />
        </Class>
        <Class skippedDueTo="Filter">
          <FullName>NuGetClone.Frameworks.NuGetFrameworkUtility/&lt;&gt;c__DisplayClass3_0`1</FullName>
          <Methods />
        </Class>
        <Class skippedDueTo="Filter">
          <FullName>NuGetClone.Frameworks.OneWayCompatibilityMappingEntry</FullName>
          <Methods />
        </Class>
        <Class skippedDueTo="Filter">
          <FullName>NuGetClone.Frameworks.Strings</FullName>
          <Methods />
        </Class>
        <Class skippedDueTo="Filter">
          <FullName>Microsoft.VisualStudio.TestPlatform.TestSDKAutoGeneratedCode</FullName>
          <Methods />
        </Class>
        <Class skippedDueTo="Filter">
          <FullName>Microsoft.VisualStudio.TestPlatform.ObjectModel.AttachmentSet</FullName>
          <Methods />
        </Class>
        <Class skippedDueTo="Filter">
          <FullName>Microsoft.VisualStudio.TestPlatform.ObjectModel.UriDataAttachment</FullName>
          <Methods />
        </Class>
        <Class skippedDueTo="Filter">
          <FullName>Microsoft.VisualStudio.TestPlatform.ObjectModel.TestRunnerConnectionInfoExtensions</FullName>
          <Methods />
        </Class>
        <Class skippedDueTo="Filter">
          <FullName>Microsoft.VisualStudio.TestPlatform.ObjectModel.Constants</FullName>
          <Methods />
        </Class>
        <Class skippedDueTo="Filter">
          <FullName>Microsoft.VisualStudio.TestPlatform.ObjectModel.DefaultLoggerParameterNames</FullName>
          <Methods />
        </Class>
        <Class skippedDueTo="Filter">
          <FullName>Microsoft.VisualStudio.TestPlatform.ObjectModel.DataCollectionRunSettings</FullName>
          <Methods />
        </Class>
        <Class skippedDueTo="Filter">
          <FullName>Microsoft.VisualStudio.TestPlatform.ObjectModel.DataCollectionRunSettings/&lt;&gt;c</FullName>
          <Methods />
        </Class>
        <Class skippedDueTo="Filter">
          <FullName>Microsoft.VisualStudio.TestPlatform.ObjectModel.DataCollectorSettings</FullName>
          <Methods />
        </Class>
        <Class skippedDueTo="Filter">
          <FullName>Microsoft.VisualStudio.TestPlatform.ObjectModel.DefaultExecutorUriAttribute</FullName>
          <Methods />
        </Class>
        <Class skippedDueTo="Filter">
[...]
        </Class>
        <Class skippedDueTo="Filter">
          <FullName>Moq.GeneratedReturnsExtensions/&lt;&gt;c__DisplayClass17_0`5</FullName>
          <Methods />
        </Class>
        <Class skippedDueTo="Filter">
          <FullName>Moq.GeneratedReturnsExtensions/&lt;&gt;c__DisplayClass18_0`6</FullName>
          <Methods />
        </Class>
        <Class skippedDueTo="Filter">
          <FullName>Moq.GeneratedReturnsExtensions/&lt;&gt;c__DisplayClass19_0`7</FullName>
          <Methods />
        </Class>
        <Class skippedDueTo="Filter">
          <FullName>Moq.GeneratedReturnsExtensions/&lt;&gt;c__DisplayClass1_0`4</FullName>
          <Methods />
        </Class>
        <Class skippedDueTo="Filter">
          <FullName>Moq.GeneratedReturnsExtensions/&lt;&gt;c__DisplayClass20_0`8</FullName>
          <Methods />
        </Class>
        <Class skippedDueTo="Filter">
          <FullName>Moq.GeneratedReturnsExtensions/&lt;&gt;c__DisplayClass21_0`9</FullName>
          <Methods />
        </Class>
        <Class skippedDueTo="Filter">
          <FullName>Moq.GeneratedReturnsExtensions/&lt;&gt;c__DisplayClass22_0`10</FullName>
          <Methods />
        </Class>
        <Class skippedDueTo="Filter">
          <FullName>Moq.GeneratedReturnsExtensions/&lt;&gt;c__DisplayClass23_0`11</FullName>
          <Methods />
        </Class>
        <Class skippedDueTo="Filter">
          <FullName>Moq.GeneratedReturnsExtensions/&lt;&gt;c__DisplayClass24_0`12</FullName>
          <Methods />
        </Class>
        <Class skippedDueTo="Filter">
          <FullName>Moq.GeneratedReturnsExtensions/&lt;&gt;c__DisplayClass25_0`13</FullName>
          <Methods />
        </Class>
        <Class skippedDueTo="Filter">
          <FullName>Moq.GeneratedReturnsExtensions/&lt;&gt;c__DisplayClass26_0`14</FullName>
          <Methods />
        </Class>
        <Class skippedDueTo="Filter">
          <FullName>Moq.GeneratedReturnsExtensions/&lt;&gt;c__DisplayClass27_0`15</FullName>
          <Methods />
        </Class>
        <Class skippedDueTo="Filter">
          <FullName>Moq.GeneratedReturnsExtensions/&lt;&gt;c__DisplayClass28_0`16</FullName>
          <Methods />
        </Class>
        <Class skippedDueTo="Filter">
          <FullName>Moq.GeneratedReturnsExtensions/&lt;&gt;c__DisplayClass29_0`17</FullName>
          <Methods />
        </Class>
        <Class skippedDueTo="Filter">
          <FullName>Moq.GeneratedReturnsExtensions/&lt;&gt;c__DisplayClass2_0`5</FullName>
          <Methods />
        </Class>
        <Class skippedDueTo="Filter">
          <FullName>Moq.GeneratedReturnsExtensions/&lt;&gt;c__DisplayClass3_0`6</FullName>
          <Methods />
        </Class>
        <Class skippedDueTo="Filter">
          <FullName>Moq.GeneratedReturnsExtensions/&lt;&gt;c__DisplayClass4_0`7</FullName>
          <Methods />
        </Class>
        <Class skippedDueTo="Filter">
          <FullName>Moq.GeneratedReturnsExtensions/&lt;&gt;c__DisplayClass5_0`8</FullName>
          <Methods />
        </Class>
        <Class skippedDueTo="Filter">
          <FullName>Moq.GeneratedReturnsExtensions/&lt;&gt;c__DisplayClass6_0`9</FullName>
          <Methods />
        </Class>
        <Class skippedDueTo="Filter">
          <FullName>Moq.GeneratedReturnsExtensions/&lt;&gt;c__DisplayClass7_0`10</FullName>
          <Methods />
        </Class>
        <Class skippedDueTo="Filter">
          <FullName>Moq.GeneratedReturnsExtensions/&lt;&gt;c__DisplayClass8_0`11</FullName>
          <Methods />
        </Class>
        <Class skippedDueTo="Filter">
          <FullName>Moq.GeneratedReturnsExtensions/&lt;&gt;c__DisplayClass9_0`12</FullName>
          <Methods />
        </Class>
        <Class skippedDueTo="Filter">
          <FullName>Moq.SequenceSetup</FullName>
          <Methods />
        </Class>
        <Class skippedDueTo="Filter">
          <FullName>Moq.Setup</FullName>
          <Methods />
        </Class>
        <Class skippedDueTo="Filter">
          <FullName>Moq.Setup/&lt;&gt;c</FullName>
          <Methods />
        </Class>
        <Class skippedDueTo="Filter">
          <FullName>Moq.SetupCollection</FullName>
          <Methods />
        </Class>
        <Class skippedDueTo="Filter">
          <FullName>Moq.SetupWithOutParameterSupport</FullName>
          <Methods />
        </Class>
        <Class skippedDueTo="Filter">
          <FullName>Moq.StringBuilderExtensions</FullName>
          <Methods />
        </Class>
        <Class skippedDueTo="Filter">
          <FullName>Moq.StringBuilderExtensions/&lt;&gt;c__DisplayClass14_0</FullName>
          <Methods />
        </Class>
        <Class skippedDueTo="Filter">
          <FullName>Moq.StubbedPropertiesSetup</FullName>
          <Methods />
        </Class>
        <Class skippedDueTo="Filter">
          <FullName>Moq.StubbedPropertiesSetup/PropertyAccessorExpectation</FullName>
          <Methods />
        </Class>
        <Class skippedDueTo="Filter">
          <FullName>Moq.StubbedPropertiesSetup/&lt;&gt;c__DisplayClass8_0</FullName>
          <Methods />
        </Class>
        <Class skippedDueTo="Filter">
          <FullName>Moq.StubbedPropertiesSetup/&lt;get_InnerMocks&gt;d__6</FullName>
          <Methods />
        </Class>
        <Class skippedDueTo="Filter">
          <FullName>Moq.StubbedPropertySetup</FullName>
          <Methods />
        </Class>
        <Class skippedDueTo="Filter">
          <FullName>Moq.StubbedPropertySetup/PropertyAccessorExpectation</FullName>
          <Methods />
        </Class>
        <Class skippedDueTo="Filter">
          <FullName>Moq.StubbedPropertySetup/&lt;get_InnerMocks&gt;d__3</FullName>
          <Methods />
        </Class>
        <Class skippedDueTo="Filter">
          <FullName>Moq.TypeMatcherAttribute</FullName>
          <Methods />
        </Class>
        <Class skippedDueTo="Filter">
          <FullName>Moq.Protected.ItExpr</FullName>
          <Methods />
        </Class>
        <Class skippedDueTo="Filter">
          <FullName>Moq.Protected.ItExpr/Ref`1</FullName>
          <Methods />
        </Class>
        <Class skippedDueTo="Filter">
          <FullName>Moq.Protected.ItExpr/Ref`1/&lt;&gt;c</FullName>
          <Methods />
        </Class>
        <Class skippedDueTo="Filter">
          <FullName>Moq.Protected.ItExpr/&lt;&gt;c__1`1</FullName>
          <Methods />
        </Class>
        <Class skippedDueTo="Filter">
          <FullName>Moq.Protected.ItExpr/&lt;&gt;c__2`1</FullName>
          <Methods />
        </Class>
        <Class skippedDueTo="Filter">
          <FullName>Moq.Protected.ItExpr/&lt;&gt;c__3`1</FullName>
          <Methods />
        </Class>
        <Class skippedDueTo="Filter">
          <FullName>Moq.Protected.ItExpr/&lt;&gt;c__DisplayClass4_0`1</FullName>
          <Methods />
        </Class>
        <Class skippedDueTo="Filter">
          <FullName>Moq.Protected.ItExpr/&lt;&gt;c__DisplayClass5_0</FullName>
          <Methods />
        </Class>
        <Class skippedDueTo="Filter">
          <FullName>Moq.Protected.ItExpr/&lt;&gt;c__DisplayClass6_0</FullName>
          <Methods />
        </Class>
        <Class skippedDueTo="Filter">
          <FullName>Moq.Protected.ProtectedAsMock`2</FullName>
          <Methods />
        </Class>
        <Class skippedDueTo="Filter">
          <FullName>Moq.Protected.ProtectedAsMock`2/DuckReplacer</FullName>
          <Methods />
        </Class>
        <Class skippedDueTo="Filter">
          <FullName>Moq.Protected.ProtectedAsMock`2/DuckReplacer/&lt;&gt;c__DisplayClass7_0</FullName>
          <Methods />
        </Class>
        <Class skippedDueTo="Filter">
          <FullName>Moq.Protected.ProtectedAsMock`2/DuckReplacer/&lt;&gt;c__DisplayClass8_0</FullName>
          <Methods />
        </Class>
        <Class skippedDueTo="Filter">
          <FullName>Moq.Protected.ProtectedExtension</FullName>
          <Methods />
        </Class>
        <Class skippedDueTo="Filter">
          <FullName>Moq.Protected.ProtectedMock`1</FullName>
          <Methods />
        </Class>
        <Class skippedDueTo="Filter">
          <FullName>Moq.Protected.ProtectedMock`1/&lt;&gt;c__DisplayClass34_0</FullName>
          <Methods />
        </Class>
        <Class skippedDueTo="Filter">
          <FullName>Moq.Protected.ProtectedMock`1/&lt;ToExpressionArgs&gt;d__49</FullName>
          <Methods />
        </Class>
        <Class skippedDueTo="Filter">
          <FullName>Moq.Properties.Resources</FullName>
          <Methods />
        </Class>
        <Class skippedDueTo="Filter">
          <FullName>Moq.Matchers.AnyMatcher</FullName>
          <Methods />
        </Class>
        <Class skippedDueTo="Filter">
          <FullName>Moq.Matchers.ConstantMatcher</FullName>
          <Methods />
        </Class>
        <Class skippedDueTo="Filter">
          <FullName>Moq.Matchers.ExpressionMatcher</FullName>
          <Methods />
        </Class>
        <Class skippedDueTo="Filter">
          <FullName>Moq.Matchers.LazyEvalMatcher</FullName>
          <Methods />
        </Class>
        <Class skippedDueTo="Filter">
          <FullName>Moq.Matchers.MatcherAttributeMatcher</FullName>
          <Methods />
        </Class>
        <Class skippedDueTo="Filter">
          <FullName>Moq.Matchers.MatcherAttributeMatcher/&lt;&gt;c</FullName>
          <Methods />
        </Class>
        <Class skippedDueTo="Filter">
          <FullName>Moq.Matchers.MatcherAttributeMatcher/&lt;&gt;c__DisplayClass3_0</FullName>
          <Methods />
        </Class>
        <Class skippedDueTo="Filter">
          <FullName>Moq.Matchers.ParamArrayMatcher</FullName>
          <Methods />
        </Class>
        <Class skippedDueTo="Filter">
          <FullName>Moq.Matchers.RefMatcher</FullName>
          <Methods />
        </Class>
        <Class skippedDueTo="Filter">
          <FullName>Moq.Linq.MockQueryable`1</FullName>
          <Methods />
        </Class>
        <Class skippedDueTo="Filter">
          <FullName>Moq.Linq.MockSetupsBuilder</FullName>
          <Methods />
        </Class>
        <Class skippedDueTo="Filter">
          <FullName>Moq.Linq.MockSetupsBuilder/ReplaceMockObjectWithParameter</FullName>
          <Methods />
        </Class>
        <Class skippedDueTo="Filter">
          <FullName>Moq.Language.Flow.NonVoidSetupPhrase`2</FullName>
          <Methods />
        </Class>
        <Class skippedDueTo="Filter">
          <FullName>Moq.Language.Flow.NonVoidSetupPhrase`2/&lt;&gt;c__DisplayClass22_0</FullName>
          <Methods />
        </Class>
        <Class skippedDueTo="Filter">
          <FullName>Moq.Language.Flow.SetterSetupPhrase`2</FullName>
          <Methods />
        </Class>
        <Class skippedDueTo="Filter">
          <FullName>Moq.Language.Flow.SetupPhrase</FullName>
          <Methods />
        </Class>
        <Class skippedDueTo="Filter">
          <FullName>Moq.Language.Flow.SetupSequencePhrase</FullName>
          <Methods />
        </Class>
        <Class skippedDueTo="Filter">
          <FullName>Moq.Language.Flow.SetupSequencePhrase/&lt;&gt;c__DisplayClass5_0`1</FullName>
          <Methods />
        </Class>
        <Class skippedDueTo="Filter">
          <FullName>Moq.Language.Flow.SetupSequencePhrase`1</FullName>
          <Methods />
        </Class>
        <Class skippedDueTo="Filter">
          <FullName>Moq.Language.Flow.SetupSequencePhrase`1/&lt;&gt;c__DisplayClass4_0</FullName>
          <Methods />
        </Class>
        <Class skippedDueTo="Filter">
          <FullName>Moq.Language.Flow.SetupSequencePhrase`1/&lt;&gt;c__DisplayClass7_0`1</FullName>
          <Methods />
        </Class>
        <Class skippedDueTo="Filter">
          <FullName>Moq.Language.Flow.VoidSetupPhrase`1</FullName>
          <Methods />
        </Class>
        <Class skippedDueTo="Filter">
          <FullName>Moq.Language.Flow.VoidSetupPhrase`1/&lt;&gt;c__DisplayClass1_0</FullName>
          <Methods />
        </Class>
        <Class skippedDueTo="Filter">
          <FullName>Moq.Language.Flow.WhenPhrase`1</FullName>
          <Methods />
        </Class>
        <Class skippedDueTo="Filter">
          <FullName>Moq.Internals.InterfaceProxy</FullName>
          <Methods />
        </Class>
        <Class skippedDueTo="Filter">
          <FullName>Moq.Internals.InterfaceProxy/Invocation</FullName>
          <Methods />
        </Class>
        <Class skippedDueTo="Filter">
          <FullName>Moq.Expressions.Visitors.ConstructorCallVisitor</FullName>
          <Methods />
        </Class>
        <Class skippedDueTo="Filter">
          <FullName>Moq.Expressions.Visitors.ConstructorCallVisitor/&lt;&gt;c</FullName>
          <Methods />
        </Class>
        <Class skippedDueTo="Filter">
          <FullName>Moq.Expressions.Visitors.EvaluateCaptures</FullName>
          <Methods />
        </Class>
        <Class skippedDueTo="Filter">
          <FullName>Moq.Expressions.Visitors.UpgradePropertyAccessorMethods</FullName>
          <Methods />
        </Class>
        <Class skippedDueTo="Filter">
          <FullName>Moq.Behaviors.Callback</FullName>
          <Methods />
        </Class>
        <Class skippedDueTo="Filter">
          <FullName>Moq.Behaviors.NoOp</FullName>
          <Methods />
        </Class>
        <Class skippedDueTo="Filter">
          <FullName>Moq.Behaviors.RaiseEvent</FullName>
          <Methods />
        </Class>
        <Class skippedDueTo="Filter">
          <FullName>Moq.Behaviors.ReturnBase</FullName>
          <Methods />
        </Class>
        <Class skippedDueTo="Filter">
          <FullName>Moq.Behaviors.ReturnBaseOrDefaultValue</FullName>
          <Methods />
        </Class>
        <Class skippedDueTo="Filter">
          <FullName>Moq.Behaviors.ReturnComputedValue</FullName>
          <Methods />
        </Class>
        <Class skippedDueTo="Filter">
          <FullName>Moq.Behaviors.ReturnValue</FullName>
          <Methods />
        </Class>
        <Class skippedDueTo="Filter">
          <FullName>Moq.Behaviors.ThrowComputedException</FullName>
          <Methods />
        </Class>
        <Class skippedDueTo="Filter">
          <FullName>Moq.Behaviors.ThrowException</FullName>
          <Methods />
        </Class>
        <Class skippedDueTo="Filter">
          <FullName>Moq.Behaviors.VerifyInvocationCount</FullName>
          <Methods />
        </Class>
        <Class skippedDueTo="Filter">
          <FullName>Moq.Async.Awaitable</FullName>
          <Methods />
        </Class>
        <Class skippedDueTo="Filter">
          <FullName>Moq.Async.AwaitableFactory</FullName>
          <Methods />
        </Class>
        <Class skippedDueTo="Filter">
          <FullName>Moq.Async.AwaitableFactory/&lt;&gt;c</FullName>
          <Methods />
        </Class>
        <Class skippedDueTo="Filter">
          <FullName>Moq.Async.AwaitableFactory`1</FullName>
          <Methods />
        </Class>
        <Class skippedDueTo="Filter">
          <FullName>Moq.Async.AwaitableFactory`2</FullName>
          <Methods />
        </Class>
        <Class skippedDueTo="Filter">
          <FullName>Moq.Async.AwaitExpression</FullName>
          <Methods />
        </Class>
        <Class skippedDueTo="Filter">
          <FullName>Moq.Async.TaskFactory</FullName>
          <Methods />
        </Class>
        <Class skippedDueTo="Filter">
          <FullName>Moq.Async.TaskFactory`1</FullName>
          <Methods />
        </Class>
        <Class skippedDueTo="Filter">
          <FullName>Moq.Async.ValueTaskFactory</FullName>
          <Methods />
        </Class>
        <Class skippedDueTo="Filter">
          <FullName>Moq.Async.ValueTaskFactory`1</FullName>
          <Methods />
        </Class>
      </Classes>
    </Module>
    <Module skippedDueTo="MissingPdb" hash="93-EC-8F-05-8E-B9-67-64-39-C7-15-66-DD-D9-F8-34-06-94-4F-36">
      <ModulePath>C:\Users\anija\Desktop\codes\BookManager\BookManagerTest\bin\Debug\net8.0-windows7.0\Castle.Core.dll</ModulePath>
      <ModuleTime>2022-12-30T09:16:54Z</ModuleTime>
      <ModuleName>Castle.Core</ModuleName>
      <Classes />
    </Module>
    <Module skippedDueTo="Filter" hash="72-03-87-44-52-C8-08-AA-61-98-E3-1B-9A-A9-21-90-67-30-B5-B4">
      <ModulePath>C:\Program Files\dotnet\shared\Microsoft.NETCore.App\8.0.6\System.Collections.Specialized.dll</ModulePath>
      <ModuleTime>2024-05-17T12:21:54Z</ModuleTime>
      <ModuleName>System.Collections.Specialized</ModuleName>
      <Classes />
    </Module>
    <Module skippedDueTo="Filter" hash="E5-C6-0D-2B-17-48-5F-27-FD-5B-34-06-67-6D-22-B3-5F-57-B7-F3">
      <ModulePath>C:\Program Files\dotnet\shared\Microsoft.NETCore.App\8.0.6\System.Reflection.Emit.dll</ModulePath>
      <ModuleTime>2024-05-17T12:21:54Z</ModuleTime>
      <ModuleName>System.Reflection.Emit</ModuleName>
      <Classes />
    </Module>
    <Module skippedDueTo="MissingPdb" hash="">
      <ModulePath>RefEmit_InMemoryManifestModule</ModulePath>
      <ModuleTime>0001-01-01T00:00:00</ModuleTime>
      <ModuleName>DynamicProxyGenAssembly2</ModuleName>
      <Classes />
    </Module>
    <Module skippedDueTo="MissingPdb" hash="09-ED-55-4D-3F-7B-19-51-45-2C-62-BD-AF-8B-2B-A4-4E-16-35-13">
      <ModulePath>C:\Users\anija\Desktop\codes\BookManager\BookManagerTest\bin\Debug\net8.0-windows7.0\Microsoft.Data.Sqlite.dll</ModulePath>
      <ModuleTime>2024-05-19T23:54:40Z</ModuleTime>
      <ModuleName>Microsoft.Data.Sqlite</ModuleName>
      <Classes />
    </Module>
    <Module skippedDueTo="MissingPdb" hash="41-0D-31-CA-04-AF-52-64-F2-65-DF-10-DE-49-94-16-22-5A-09-62">
      <ModulePath>C:\Users\anija\Desktop\codes\BookManager\BookManagerTest\bin\Debug\net8.0-windows7.0\SQLitePCLRaw.core.dll</ModulePath>
      <ModuleTime>2023-08-23T18:38:38Z</ModuleTime>
      <ModuleName>SQLitePCLRaw.core</ModuleName>
      <Classes />
    </Module>
    <Module skippedDueTo="MissingPdb" hash="60-E3-17-29-9A-B6-B9-3C-C0-F0-03-F3-50-7A-59-85-25-D9-6C-F1">
      <ModulePath>C:\Users\anija\Desktop\codes\BookManager\BookManagerTest\bin\Debug\net8.0-windows7.0\SQLitePCLRaw.batteries_v2.dll</ModulePath>
      <ModuleTime>2023-08-23T18:41:24Z</ModuleTime>
      <ModuleName>SQLitePCLRaw.batteries_v2</ModuleName>
      <Classes />
    </Module>
    <Module skippedDueTo="MissingPdb" hash="75-07-27-E9-B5-C5-07-F2-8C-AB-8A-EA-A5-2D-2C-C0-9D-57-C4-83">
      <ModulePath>C:\Users\anija\Desktop\codes\BookManager\BookManagerTest\bin\Debug\net8.0-windows7.0\SQLitePCLRaw.provider.e_sqlite3.dll</ModulePath>
      <ModuleTime>2023-08-23T18:38:52Z</ModuleTime>
      <ModuleName>SQLitePCLRaw.provider.e_sqlite3</ModuleName>
      <Classes />
    </Module>
    <Module skippedDueTo="Filter" hash="35-9F-6C-A1-D9-1A-8F-1B-F0-DD-DD-03-1B-D2-24-C3-E5-83-FF-53">
      <ModulePath>C:\Program Files\dotnet\shared\Microsoft.NETCore.App\8.0.6\System.Text.RegularExpressions.dll</ModulePath>
      <ModuleTime>2024-05-17T12:21:32Z</ModuleTime>
      <ModuleName>System.Text.RegularExpressions</ModuleName>
      <Classes />
    </Module>
    <Module skippedDueTo="MissingPdb" hash="1A-99-D6-10-17-5A-0A-3A-03-C8-19-0B-D1-73-69-66-77-3A-BE-9E">
      <ModulePath>C:\Windows\Microsoft.Net\assembly\GAC_MSIL\SMDiagnostics\v4.0_4.0.0.0__b77a5c561934e089\SMDiagnostics.dll</ModulePath>
      <ModuleTime>2024-03-28T02:55:21.8201324Z</ModuleTime>
      <ModuleName>SMDiagnostics</ModuleName>
      <Classes />
    </Module>
    <Module skippedDueTo="Filter" hash="F5-93-DF-78-E4-6C-5E-5A-AD-4F-BA-F1-E4-0D-FB-F0-A7-AF-FF-79">
      <ModulePath>C:\Windows\Microsoft.Net\assembly\GAC_MSIL\System.ServiceModel.Internals\v4.0_4.0.0.0__31bf3856ad364e35\System.ServiceModel.Internals.dll</ModulePath>
      <ModuleTime>2024-03-28T02:55:21.8201324Z</ModuleTime>
      <ModuleName>System.ServiceModel.Internals</ModuleName>
      <Classes />
    </Module>
  </Modules>
</CoverageSession>